<?xml version="1.0" encoding="UTF-8"?>
<!-- Generated by org.testng.reporters.JUnitXMLReporter -->
<testsuite hostname="oyehia" name="Test Suite" tests="35" failures="3" timestamp="27 Nov 2018 07:34:32 GMT" time="410.045" errors="0">
  <testcase name="@AfterMethod ScreenShotOnFailure" time="0.0" classname="Tests.emailFriendTest">
    <failure type="org.openqa.selenium.NoSuchWindowException" message="no such window: target window already closed
from unknown error: web view not found
  (Session info: chrome=70.0.3538.110)
  (Driver info: chromedriver=2.43.600210 (68dcf5eebde37173d4027fa8635e332711d2874a),platform=Windows NT 10.0.17134 x86_64) (WARNING: The server did not provide any stacktrace information)
Command duration or timeout: 0 milliseconds
Build info: version: &amp;apos;3.8.1&amp;apos;, revision: &amp;apos;6e95a6684b&amp;apos;, time: &amp;apos;2017-12-01T18:33:54.468Z&amp;apos;
System info: host: &amp;apos;OYEHIA&amp;apos;, ip: &amp;apos;222.222.100.238&amp;apos;, os.name: &amp;apos;Windows 10&amp;apos;, os.arch: &amp;apos;amd64&amp;apos;, os.version: &amp;apos;10.0&amp;apos;, java.version: &amp;apos;1.8.0_77&amp;apos;
Driver info: org.openqa.selenium.chrome.ChromeDriver
Capabilities {acceptInsecureCerts: false, acceptSslCerts: false, applicationCacheEnabled: false, browserConnectionEnabled: false, browserName: chrome, chrome: {chromedriverVersion: 2.43.600210 (68dcf5eebde371..., userDataDir: C:\Users\oyehia\AppData\Loc...}, cssSelectorsEnabled: true, databaseEnabled: false, goog:chromeOptions: {debuggerAddress: localhost:51924}, handlesAlerts: true, hasTouchScreen: false, javascriptEnabled: true, locationContextEnabled: true, mobileEmulationEnabled: false, nativeEvents: true, networkConnectionEnabled: false, pageLoadStrategy: normal, platform: XP, platformName: XP, rotatable: false, setWindowRect: true, takesHeapSnapshot: true, takesScreenshot: true, unexpectedAlertBehaviour: , unhandledPromptBehavior: , version: 70.0.3538.110, webStorageEnabled: true}
Session ID: aa0b22ac3022b8af97894e1a6504d46c">
      <![CDATA[org.openqa.selenium.NoSuchWindowException: no such window: target window already closed
from unknown error: web view not found
  (Session info: chrome=70.0.3538.110)
  (Driver info: chromedriver=2.43.600210 (68dcf5eebde37173d4027fa8635e332711d2874a),platform=Windows NT 10.0.17134 x86_64) (WARNING: The server did not provide any stacktrace information)
Command duration or timeout: 0 milliseconds
Build info: version: '3.8.1', revision: '6e95a6684b', time: '2017-12-01T18:33:54.468Z'
System info: host: 'OYEHIA', ip: '222.222.100.238', os.name: 'Windows 10', os.arch: 'amd64', os.version: '10.0', java.version: '1.8.0_77'
Driver info: org.openqa.selenium.chrome.ChromeDriver
Capabilities {acceptInsecureCerts: false, acceptSslCerts: false, applicationCacheEnabled: false, browserConnectionEnabled: false, browserName: chrome, chrome: {chromedriverVersion: 2.43.600210 (68dcf5eebde371..., userDataDir: C:\Users\oyehia\AppData\Loc...}, cssSelectorsEnabled: true, databaseEnabled: false, goog:chromeOptions: {debuggerAddress: localhost:51924}, handlesAlerts: true, hasTouchScreen: false, javascriptEnabled: true, locationContextEnabled: true, mobileEmulationEnabled: false, nativeEvents: true, networkConnectionEnabled: false, pageLoadStrategy: normal, platform: XP, platformName: XP, rotatable: false, setWindowRect: true, takesHeapSnapshot: true, takesScreenshot: true, unexpectedAlertBehaviour: , unhandledPromptBehavior: , version: 70.0.3538.110, webStorageEnabled: true}
Session ID: aa0b22ac3022b8af97894e1a6504d46c
	at org.openqa.selenium.remote.ErrorHandler.createThrowable(ErrorHandler.java:214)
	at org.openqa.selenium.remote.ErrorHandler.throwIfResponseFailed(ErrorHandler.java:166)
	at org.openqa.selenium.remote.http.JsonHttpResponseCodec.reconstructValue(JsonHttpResponseCodec.java:40)
	at org.openqa.selenium.remote.http.AbstractHttpResponseCodec.decode(AbstractHttpResponseCodec.java:80)
	at org.openqa.selenium.remote.http.AbstractHttpResponseCodec.decode(AbstractHttpResponseCodec.java:44)
	at org.openqa.selenium.remote.HttpCommandExecutor.execute(HttpCommandExecutor.java:164)
	at org.openqa.selenium.remote.service.DriverCommandExecutor.execute(DriverCommandExecutor.java:83)
	at org.openqa.selenium.remote.RemoteWebDriver.execute(RemoteWebDriver.java:601)
	at org.openqa.selenium.remote.RemoteWebDriver.execute(RemoteWebDriver.java:658)
	at org.openqa.selenium.remote.RemoteWebDriver.getScreenshotAs(RemoteWebDriver.java:343)
	at Utiity.helper.captureScreenShot(helper.java:22)
	at Tests.TestBase.ScreenShotOnFailure(TestBase.java:81)
... Removed 34 stack frames]]>
    </failure>
  </testcase> <!-- @AfterMethod ScreenShotOnFailure -->
  <testcase name="@AfterMethod ScreenShotOnFailure" time="0.0" classname="Tests.myAccountTest">
    <skipped/>
  </testcase> <!-- @AfterMethod ScreenShotOnFailure -->
  <testcase name="@AfterMethod ScreenShotOnFailure" time="0.0" classname="Tests.registeredUserCheckoutTest">
    <skipped/>
  </testcase> <!-- @AfterMethod ScreenShotOnFailure -->
  <testcase name="@AfterMethod ScreenShotOnFailure" time="0.0" classname="Tests.AddProductToShoopingCart">
    <skipped/>
  </testcase> <!-- @AfterMethod ScreenShotOnFailure -->
  <testcase name="@AfterMethod ScreenShotOnFailure" time="0.0" classname="Tests.addProductReviewTest">
    <skipped/>
  </testcase> <!-- @AfterMethod ScreenShotOnFailure -->
  <testcase name="@AfterMethod ScreenShotOnFailure" time="0.0" classname="Tests.addProductToWishListTest">
    <skipped/>
  </testcase> <!-- @AfterMethod ScreenShotOnFailure -->
  <testcase name="@AfterMethod ScreenShotOnFailure" time="0.0" classname="Tests.addToCompareTest">
    <skipped/>
  </testcase> <!-- @AfterMethod ScreenShotOnFailure -->
  <testcase name="@AfterMethod ScreenShotOnFailure" time="0.0" classname="Tests.emailFriendTest">
    <skipped/>
  </testcase> <!-- @AfterMethod ScreenShotOnFailure -->
  <testcase name="@AfterMethod ScreenShotOnFailure" time="0.0" classname="Tests.myAccountTest">
    <skipped/>
  </testcase> <!-- @AfterMethod ScreenShotOnFailure -->
  <testcase name="@AfterMethod ScreenShotOnFailure" time="0.0" classname="Tests.registeredUserCheckoutTest">
    <skipped/>
  </testcase> <!-- @AfterMethod ScreenShotOnFailure -->
  <testcase name="@AfterMethod ScreenShotOnFailure" time="0.0" classname="Tests.AddProductToShoopingCart">
    <skipped/>
  </testcase> <!-- @AfterMethod ScreenShotOnFailure -->
  <testcase name="@AfterMethod ScreenShotOnFailure" time="0.0" classname="Tests.addProductReviewTest">
    <skipped/>
  </testcase> <!-- @AfterMethod ScreenShotOnFailure -->
  <testcase name="@AfterMethod ScreenShotOnFailure" time="0.0" classname="Tests.addProductToWishListTest">
    <skipped/>
  </testcase> <!-- @AfterMethod ScreenShotOnFailure -->
  <testcase name="@AfterMethod ScreenShotOnFailure" time="0.0" classname="Tests.emailFriendTest">
    <skipped/>
  </testcase> <!-- @AfterMethod ScreenShotOnFailure -->
  <testcase name="@AfterMethod ScreenShotOnFailure" time="0.0" classname="Tests.myAccountTest">
    <skipped/>
  </testcase> <!-- @AfterMethod ScreenShotOnFailure -->
  <testcase name="@AfterMethod ScreenShotOnFailure" time="0.0" classname="Tests.registeredUserCheckoutTest">
    <skipped/>
  </testcase> <!-- @AfterMethod ScreenShotOnFailure -->
  <testcase name="@AfterMethod ScreenShotOnFailure" time="0.0" classname="Tests.addProductReviewTest">
    <skipped/>
  </testcase> <!-- @AfterMethod ScreenShotOnFailure -->
  <testcase name="@AfterMethod ScreenShotOnFailure" time="0.0" classname="Tests.emailFriendTest">
    <skipped/>
  </testcase> <!-- @AfterMethod ScreenShotOnFailure -->
  <testcase name="@AfterMethod ScreenShotOnFailure" time="0.0" classname="Tests.myAccountTest">
    <skipped/>
  </testcase> <!-- @AfterMethod ScreenShotOnFailure -->
  <testcase name="@AfterMethod ScreenShotOnFailure" time="0.0" classname="Tests.registeredUserCheckoutTest">
    <skipped/>
  </testcase> <!-- @AfterMethod ScreenShotOnFailure -->
  <testcase name="@AfterMethod ScreenShotOnFailure" time="0.0" classname="Tests.myAccountTest">
    <skipped/>
  </testcase> <!-- @AfterMethod ScreenShotOnFailure -->
  <testcase name="@AfterMethod ScreenShotOnFailure" time="0.0" classname="Tests.registeredUserCheckoutTest">
    <skipped/>
  </testcase> <!-- @AfterMethod ScreenShotOnFailure -->
  <testcase name="UserCanUseContactUs" time="5.611" classname="Tests.ContactUsTest"/>
  <testcase name="userCanChangeCurrency" time="6.721" classname="Tests.changeCurrencyTest"/>
  <testcase name="userCanSearchForProdct" time="12.329" classname="Tests.changeCurrencyTest"/>
  <testcase name="userCanSlectSubCategoryFromManiMenu" time="3.943" classname="Tests.productHoverMenuTest"/>
  <testcase name="userCanSearchForProdct" time="5.599" classname="Tests.searchProductTest"/>
  <testcase name="userCanSearchWithAutoSuggest" time="4.369" classname="Tests.serchForProductUsingAutoCompleteTest"/>
  <testcase name="userCanSearchForProdct" time="4.477" classname="Tests.AddProductToShoopingCart"/>
  <testcase name="UserCanRegisterSuccessfully" time="125.585" classname="Tests.UserRegisterTest">
    <failure type="org.openqa.selenium.NoSuchElementException" message="no such element: Unable to locate element: {&amp;quot;method&amp;quot;:&amp;quot;css selector&amp;quot;,&amp;quot;selector&amp;quot;:&amp;quot;div.result&amp;quot;}
  (Session info: chrome=70.0.3538.110)
  (Driver info: chromedriver=2.43.600210 (68dcf5eebde37173d4027fa8635e332711d2874a),platform=Windows NT 10.0.17134 x86_64) (WARNING: The server did not provide any stacktrace information)
Command duration or timeout: 0 milliseconds
For documentation on this error, please visit: http://seleniumhq.org/exceptions/no_such_element.html
Build info: version: &amp;apos;3.8.1&amp;apos;, revision: &amp;apos;6e95a6684b&amp;apos;, time: &amp;apos;2017-12-01T18:33:54.468Z&amp;apos;
System info: host: &amp;apos;OYEHIA&amp;apos;, ip: &amp;apos;222.222.100.238&amp;apos;, os.name: &amp;apos;Windows 10&amp;apos;, os.arch: &amp;apos;amd64&amp;apos;, os.version: &amp;apos;10.0&amp;apos;, java.version: &amp;apos;1.8.0_77&amp;apos;
Driver info: org.openqa.selenium.chrome.ChromeDriver
Capabilities {acceptInsecureCerts: false, acceptSslCerts: false, applicationCacheEnabled: false, browserConnectionEnabled: false, browserName: chrome, chrome: {chromedriverVersion: 2.43.600210 (68dcf5eebde371..., userDataDir: C:\Users\oyehia\AppData\Loc...}, cssSelectorsEnabled: true, databaseEnabled: false, goog:chromeOptions: {debuggerAddress: localhost:51924}, handlesAlerts: true, hasTouchScreen: false, javascriptEnabled: true, locationContextEnabled: true, mobileEmulationEnabled: false, nativeEvents: true, networkConnectionEnabled: false, pageLoadStrategy: normal, platform: XP, platformName: XP, rotatable: false, setWindowRect: true, takesHeapSnapshot: true, takesScreenshot: true, unexpectedAlertBehaviour: , unhandledPromptBehavior: , version: 70.0.3538.110, webStorageEnabled: true}
Session ID: aa0b22ac3022b8af97894e1a6504d46c
*** Element info: {Using=css selector, value=div.result}">
      <![CDATA[org.openqa.selenium.NoSuchElementException: no such element: Unable to locate element: {"method":"css selector","selector":"div.result"}
  (Session info: chrome=70.0.3538.110)
  (Driver info: chromedriver=2.43.600210 (68dcf5eebde37173d4027fa8635e332711d2874a),platform=Windows NT 10.0.17134 x86_64) (WARNING: The server did not provide any stacktrace information)
Command duration or timeout: 0 milliseconds
For documentation on this error, please visit: http://seleniumhq.org/exceptions/no_such_element.html
Build info: version: '3.8.1', revision: '6e95a6684b', time: '2017-12-01T18:33:54.468Z'
System info: host: 'OYEHIA', ip: '222.222.100.238', os.name: 'Windows 10', os.arch: 'amd64', os.version: '10.0', java.version: '1.8.0_77'
Driver info: org.openqa.selenium.chrome.ChromeDriver
Capabilities {acceptInsecureCerts: false, acceptSslCerts: false, applicationCacheEnabled: false, browserConnectionEnabled: false, browserName: chrome, chrome: {chromedriverVersion: 2.43.600210 (68dcf5eebde371..., userDataDir: C:\Users\oyehia\AppData\Loc...}, cssSelectorsEnabled: true, databaseEnabled: false, goog:chromeOptions: {debuggerAddress: localhost:51924}, handlesAlerts: true, hasTouchScreen: false, javascriptEnabled: true, locationContextEnabled: true, mobileEmulationEnabled: false, nativeEvents: true, networkConnectionEnabled: false, pageLoadStrategy: normal, platform: XP, platformName: XP, rotatable: false, setWindowRect: true, takesHeapSnapshot: true, takesScreenshot: true, unexpectedAlertBehaviour: , unhandledPromptBehavior: , version: 70.0.3538.110, webStorageEnabled: true}
Session ID: aa0b22ac3022b8af97894e1a6504d46c
*** Element info: {Using=css selector, value=div.result}
	at org.openqa.selenium.remote.ErrorHandler.createThrowable(ErrorHandler.java:214)
	at org.openqa.selenium.remote.ErrorHandler.throwIfResponseFailed(ErrorHandler.java:166)
	at org.openqa.selenium.remote.http.JsonHttpResponseCodec.reconstructValue(JsonHttpResponseCodec.java:40)
	at org.openqa.selenium.remote.http.AbstractHttpResponseCodec.decode(AbstractHttpResponseCodec.java:80)
	at org.openqa.selenium.remote.http.AbstractHttpResponseCodec.decode(AbstractHttpResponseCodec.java:44)
	at org.openqa.selenium.remote.HttpCommandExecutor.execute(HttpCommandExecutor.java:164)
	at org.openqa.selenium.remote.service.DriverCommandExecutor.execute(DriverCommandExecutor.java:83)
	at org.openqa.selenium.remote.RemoteWebDriver.execute(RemoteWebDriver.java:601)
	at org.openqa.selenium.remote.RemoteWebDriver.findElement(RemoteWebDriver.java:371)
	at org.openqa.selenium.remote.RemoteWebDriver.findElementByCssSelector(RemoteWebDriver.java:465)
	at org.openqa.selenium.By$ByCssSelector.findElement(By.java:430)
	at org.openqa.selenium.remote.RemoteWebDriver.findElement(RemoteWebDriver.java:363)
	at org.openqa.selenium.support.pagefactory.DefaultElementLocator.findElement(DefaultElementLocator.java:69)
	at org.openqa.selenium.support.pagefactory.internal.LocatingElementHandler.invoke(LocatingElementHandler.java:38)
	at com.sun.proxy.$Proxy10.getText(Unknown Source)
	at Tests.UserRegisterTest.UserCanRegisterSuccessfully(UserRegisterTest.java:24)
... Removed 32 stack frames]]>
    </failure>
  </testcase> <!-- UserCanRegisterSuccessfully -->
  <testcase name="UserCanRegisterSuccessfully" time="126.461" classname="Tests.addProductReviewTest">
    <failure type="org.openqa.selenium.NoSuchElementException" message="no such element: Unable to locate element: {&amp;quot;method&amp;quot;:&amp;quot;css selector&amp;quot;,&amp;quot;selector&amp;quot;:&amp;quot;div.result&amp;quot;}
  (Session info: chrome=70.0.3538.110)
  (Driver info: chromedriver=2.43.600210 (68dcf5eebde37173d4027fa8635e332711d2874a),platform=Windows NT 10.0.17134 x86_64) (WARNING: The server did not provide any stacktrace information)
Command duration or timeout: 0 milliseconds
For documentation on this error, please visit: http://seleniumhq.org/exceptions/no_such_element.html
Build info: version: &amp;apos;3.8.1&amp;apos;, revision: &amp;apos;6e95a6684b&amp;apos;, time: &amp;apos;2017-12-01T18:33:54.468Z&amp;apos;
System info: host: &amp;apos;OYEHIA&amp;apos;, ip: &amp;apos;222.222.100.238&amp;apos;, os.name: &amp;apos;Windows 10&amp;apos;, os.arch: &amp;apos;amd64&amp;apos;, os.version: &amp;apos;10.0&amp;apos;, java.version: &amp;apos;1.8.0_77&amp;apos;
Driver info: org.openqa.selenium.chrome.ChromeDriver
Capabilities {acceptInsecureCerts: false, acceptSslCerts: false, applicationCacheEnabled: false, browserConnectionEnabled: false, browserName: chrome, chrome: {chromedriverVersion: 2.43.600210 (68dcf5eebde371..., userDataDir: C:\Users\oyehia\AppData\Loc...}, cssSelectorsEnabled: true, databaseEnabled: false, goog:chromeOptions: {debuggerAddress: localhost:51924}, handlesAlerts: true, hasTouchScreen: false, javascriptEnabled: true, locationContextEnabled: true, mobileEmulationEnabled: false, nativeEvents: true, networkConnectionEnabled: false, pageLoadStrategy: normal, platform: XP, platformName: XP, rotatable: false, setWindowRect: true, takesHeapSnapshot: true, takesScreenshot: true, unexpectedAlertBehaviour: , unhandledPromptBehavior: , version: 70.0.3538.110, webStorageEnabled: true}
Session ID: aa0b22ac3022b8af97894e1a6504d46c
*** Element info: {Using=css selector, value=div.result}">
      <![CDATA[org.openqa.selenium.NoSuchElementException: no such element: Unable to locate element: {"method":"css selector","selector":"div.result"}
  (Session info: chrome=70.0.3538.110)
  (Driver info: chromedriver=2.43.600210 (68dcf5eebde37173d4027fa8635e332711d2874a),platform=Windows NT 10.0.17134 x86_64) (WARNING: The server did not provide any stacktrace information)
Command duration or timeout: 0 milliseconds
For documentation on this error, please visit: http://seleniumhq.org/exceptions/no_such_element.html
Build info: version: '3.8.1', revision: '6e95a6684b', time: '2017-12-01T18:33:54.468Z'
System info: host: 'OYEHIA', ip: '222.222.100.238', os.name: 'Windows 10', os.arch: 'amd64', os.version: '10.0', java.version: '1.8.0_77'
Driver info: org.openqa.selenium.chrome.ChromeDriver
Capabilities {acceptInsecureCerts: false, acceptSslCerts: false, applicationCacheEnabled: false, browserConnectionEnabled: false, browserName: chrome, chrome: {chromedriverVersion: 2.43.600210 (68dcf5eebde371..., userDataDir: C:\Users\oyehia\AppData\Loc...}, cssSelectorsEnabled: true, databaseEnabled: false, goog:chromeOptions: {debuggerAddress: localhost:51924}, handlesAlerts: true, hasTouchScreen: false, javascriptEnabled: true, locationContextEnabled: true, mobileEmulationEnabled: false, nativeEvents: true, networkConnectionEnabled: false, pageLoadStrategy: normal, platform: XP, platformName: XP, rotatable: false, setWindowRect: true, takesHeapSnapshot: true, takesScreenshot: true, unexpectedAlertBehaviour: , unhandledPromptBehavior: , version: 70.0.3538.110, webStorageEnabled: true}
Session ID: aa0b22ac3022b8af97894e1a6504d46c
*** Element info: {Using=css selector, value=div.result}
	at org.openqa.selenium.remote.ErrorHandler.createThrowable(ErrorHandler.java:214)
	at org.openqa.selenium.remote.ErrorHandler.throwIfResponseFailed(ErrorHandler.java:166)
	at org.openqa.selenium.remote.http.JsonHttpResponseCodec.reconstructValue(JsonHttpResponseCodec.java:40)
	at org.openqa.selenium.remote.http.AbstractHttpResponseCodec.decode(AbstractHttpResponseCodec.java:80)
	at org.openqa.selenium.remote.http.AbstractHttpResponseCodec.decode(AbstractHttpResponseCodec.java:44)
	at org.openqa.selenium.remote.HttpCommandExecutor.execute(HttpCommandExecutor.java:164)
	at org.openqa.selenium.remote.service.DriverCommandExecutor.execute(DriverCommandExecutor.java:83)
	at org.openqa.selenium.remote.RemoteWebDriver.execute(RemoteWebDriver.java:601)
	at org.openqa.selenium.remote.RemoteWebDriver.findElement(RemoteWebDriver.java:371)
	at org.openqa.selenium.remote.RemoteWebDriver.findElementByCssSelector(RemoteWebDriver.java:465)
	at org.openqa.selenium.By$ByCssSelector.findElement(By.java:430)
	at org.openqa.selenium.remote.RemoteWebDriver.findElement(RemoteWebDriver.java:363)
	at org.openqa.selenium.support.pagefactory.DefaultElementLocator.findElement(DefaultElementLocator.java:69)
	at org.openqa.selenium.support.pagefactory.internal.LocatingElementHandler.invoke(LocatingElementHandler.java:38)
	at com.sun.proxy.$Proxy10.getText(Unknown Source)
	at Tests.addProductReviewTest.UserCanRegisterSuccessfully(addProductReviewTest.java:33)
... Removed 32 stack frames]]>
    </failure>
  </testcase> <!-- UserCanRegisterSuccessfully -->
  <testcase name="userCanSearchForProdct" time="7.64" classname="Tests.addProductToWishListTest"/>
  <testcase name="userCanCompareProduct" time="23.168" classname="Tests.addToCompareTest"/>
  <testcase name="UserCanRegisterSuccessfully" time="82.523" classname="Tests.emailFriendTest">
    <failure type="java.lang.NullPointerException">
      <![CDATA[java.lang.NullPointerException
	at org.openqa.selenium.support.pagefactory.internal.LocatingElementHandler.invoke(LocatingElementHandler.java:51)
	at com.sun.proxy.$Proxy10.getText(Unknown Source)
	at Tests.emailFriendTest.UserCanRegisterSuccessfully(emailFriendTest.java:30)
... Removed 32 stack frames]]>
    </failure>
  </testcase> <!-- UserCanRegisterSuccessfully -->
  <testcase name="UserCanRegisterSuccessfully" time="0.0" classname="Tests.myAccountTest">
    <skipped/>
  </testcase> <!-- UserCanRegisterSuccessfully -->
  <testcase name="UserCanRegisterSuccessfully" time="0.0" classname="Tests.registeredUserCheckoutTest">
    <skipped/>
  </testcase> <!-- UserCanRegisterSuccessfully -->
  <testcase name="UserCanAddItemToShoppingCart" time="0.0" classname="Tests.AddProductToShoopingCart">
    <skipped/>
  </testcase> <!-- UserCanAddItemToShoppingCart -->
  <testcase name="userCanSearchForProdct" time="0.0" classname="Tests.addProductReviewTest">
    <skipped/>
  </testcase> <!-- userCanSearchForProdct -->
  <testcase name="userCanAddProductToWishList" time="0.0" classname="Tests.addProductToWishListTest">
    <skipped/>
  </testcase> <!-- userCanAddProductToWishList -->
  <testcase name="userCanClearCompareList" time="0.0" classname="Tests.addToCompareTest">
    <skipped/>
  </testcase> <!-- userCanClearCompareList -->
  <testcase name="userCanSearchForProdct" time="0.0" classname="Tests.emailFriendTest">
    <skipped/>
  </testcase> <!-- userCanSearchForProdct -->
  <testcase name="RegisterUserCanChnagePassword" time="0.0" classname="Tests.myAccountTest">
    <skipped/>
  </testcase> <!-- RegisterUserCanChnagePassword -->
  <testcase name="userCanSearchForProdct" time="0.0" classname="Tests.registeredUserCheckoutTest">
    <skipped/>
  </testcase> <!-- userCanSearchForProdct -->
  <testcase name="UserCanRemoveItemFromShoppingCard" time="0.001" classname="Tests.AddProductToShoopingCart">
    <skipped/>
  </testcase> <!-- UserCanRemoveItemFromShoppingCard -->
  <testcase name="userCanAddReviewSuccessfully" time="0.001" classname="Tests.addProductReviewTest">
    <skipped/>
  </testcase> <!-- userCanAddReviewSuccessfully -->
  <testcase name="userCanRemoveProductFromWishList" time="0.0" classname="Tests.addProductToWishListTest">
    <skipped/>
  </testcase> <!-- userCanRemoveProductFromWishList -->
  <testcase name="RegisterUserCanSendEmail" time="0.0" classname="Tests.emailFriendTest">
    <skipped/>
  </testcase> <!-- RegisterUserCanSendEmail -->
  <testcase name="RegisterUserCanLogout" time="0.0" classname="Tests.myAccountTest">
    <skipped/>
  </testcase> <!-- RegisterUserCanLogout -->
  <testcase name="UserCanAddItemToShoppingCart" time="0.0" classname="Tests.registeredUserCheckoutTest">
    <skipped/>
  </testcase> <!-- UserCanAddItemToShoppingCart -->
  <testcase name="RegisterUserCanLogout" time="0.0" classname="Tests.addProductReviewTest">
    <skipped/>
  </testcase> <!-- RegisterUserCanLogout -->
  <testcase name="RegisterUserCanLogout" time="0.0" classname="Tests.emailFriendTest">
    <skipped/>
  </testcase> <!-- RegisterUserCanLogout -->
  <testcase name="RegisterCanLoIn" time="0.001" classname="Tests.myAccountTest">
    <skipped/>
  </testcase> <!-- RegisterCanLoIn -->
  <testcase name="userCanCheckProductCard" time="0.0" classname="Tests.registeredUserCheckoutTest">
    <skipped/>
  </testcase> <!-- userCanCheckProductCard -->
  <testcase name="UserLogout" time="0.0" classname="Tests.myAccountTest">
    <skipped/>
  </testcase> <!-- UserLogout -->
  <testcase name="RegisterUserCanLogout" time="0.0" classname="Tests.registeredUserCheckoutTest">
    <skipped/>
  </testcase> <!-- RegisterUserCanLogout -->
  <testcase name="RegisterUserCanLogout" time="0.0" classname="Tests.UserRegisterTest">
    <skipped/>
  </testcase> <!-- RegisterUserCanLogout -->
  <testcase name="RegisterCanLoIn" time="0.0" classname="Tests.UserRegisterTest">
    <skipped/>
  </testcase> <!-- RegisterCanLoIn -->
</testsuite> <!-- Test Suite -->
