<!DOCTYPE html PUBLIC "-//W3C//DTD XHTML 1.1//EN" "http://www.w3.org/TR/xhtml11/DTD/xhtml11.dtd">
<html xmlns="http://www.w3.org/1999/xhtml"><head><title>TestNG Report</title><style type="text/css">table {margin-bottom:10px;border-collapse:collapse;empty-cells:show}th,td {border:1px solid #009;padding:.25em .5em}th {vertical-align:bottom}td {vertical-align:top}table a {font-weight:bold}.stripe td {background-color: #E6EBF9}.num {text-align:right}.passedodd td {background-color: #3F3}.passedeven td {background-color: #0A0}.skippedodd td {background-color: #DDD}.skippedeven td {background-color: #CCC}.failedodd td,.attn {background-color: #F33}.failedeven td,.stripe .attn {background-color: #D00}.stacktrace {white-space:pre;font-family:monospace}.totop {font-size:85%;text-align:center;border-bottom:2px solid #000}</style></head><body><table><tr><th>Test</th><th># Passed</th><th># Skipped</th><th># Failed</th><th>Time (ms)</th><th>Included Groups</th><th>Excluded Groups</th></tr><tr><th colspan="7">UserRegisterSuite</th></tr><tr><td><a href="#t0">Test Suite</a></td><td class="num">9</td><td class="num attn">23</td><td class="num attn">3</td><td class="num">410,045</td><td></td><td></td></tr></table><table><thead><tr><th>Class</th><th>Method</th><th>Start</th><th>Time (ms)</th></tr></thead><tbody><tr><th colspan="4">UserRegisterSuite</th></tr></tbody><tbody id="t0"><tr><th colspan="4">Test Suite &#8212; failed (configuration methods)</th></tr><tr class="failedeven"><td rowspan="1">Tests.emailFriendTest</td><td><a href="#m0">ScreenShotOnFailure</a></td><td rowspan="1">1543304070315</td><td rowspan="1">0</td></tr><tr><th colspan="4">Test Suite &#8212; failed</th></tr><tr class="failedeven"><td rowspan="1">Tests.UserRegisterTest</td><td><a href="#m1">UserCanRegisterSuccessfully</a></td><td rowspan="1">1543303703466</td><td rowspan="1">125585</td></tr><tr class="failedodd"><td rowspan="1">Tests.addProductReviewTest</td><td><a href="#m2">UserCanRegisterSuccessfully</a></td><td rowspan="1">1543303830187</td><td rowspan="1">126461</td></tr><tr class="failedeven"><td rowspan="1">Tests.emailFriendTest</td><td><a href="#m3">UserCanRegisterSuccessfully</a></td><td rowspan="1">1543303987791</td><td rowspan="1">82523</td></tr><tr><th colspan="4">Test Suite &#8212; skipped (configuration methods)</th></tr><tr class="skippedeven"><td rowspan="2">Tests.AddProductToShoopingCart</td><td><a href="#m4">ScreenShotOnFailure</a></td><td rowspan="2">1543304070328</td><td rowspan="2">0</td></tr><tr class="skippedeven"><td><a href="#m5">ScreenShotOnFailure</a></td></tr><tr class="skippedodd"><td rowspan="1">Tests.UserRegisterTest</td><td><a href="#m6">closeDriver</a></td><td rowspan="1">1543304073006</td><td rowspan="1">0</td></tr><tr class="skippedeven"><td rowspan="3">Tests.addProductReviewTest</td><td><a href="#m7">ScreenShotOnFailure</a></td><td rowspan="3">1543304070329</td><td rowspan="3">0</td></tr><tr class="skippedeven"><td><a href="#m8">ScreenShotOnFailure</a></td></tr><tr class="skippedeven"><td><a href="#m9">ScreenShotOnFailure</a></td></tr><tr class="skippedodd"><td rowspan="2">Tests.addProductToWishListTest</td><td><a href="#m10">ScreenShotOnFailure</a></td><td rowspan="2">1543304070325</td><td rowspan="2">0</td></tr><tr class="skippedodd"><td><a href="#m11">ScreenShotOnFailure</a></td></tr><tr class="skippedeven"><td rowspan="1">Tests.addToCompareTest</td><td><a href="#m12">ScreenShotOnFailure</a></td><td rowspan="1">1543304070326</td><td rowspan="1">0</td></tr><tr class="skippedodd"><td rowspan="3">Tests.emailFriendTest</td><td><a href="#m13">ScreenShotOnFailure</a></td><td rowspan="3">1543304070331</td><td rowspan="3">0</td></tr><tr class="skippedodd"><td><a href="#m14">ScreenShotOnFailure</a></td></tr><tr class="skippedodd"><td><a href="#m15">ScreenShotOnFailure</a></td></tr><tr class="skippedeven"><td rowspan="5">Tests.myAccountTest</td><td><a href="#m16">ScreenShotOnFailure</a></td><td rowspan="5">1543304070326</td><td rowspan="5">0</td></tr><tr class="skippedeven"><td><a href="#m17">ScreenShotOnFailure</a></td></tr><tr class="skippedeven"><td><a href="#m18">ScreenShotOnFailure</a></td></tr><tr class="skippedeven"><td><a href="#m19">ScreenShotOnFailure</a></td></tr><tr class="skippedeven"><td><a href="#m20">ScreenShotOnFailure</a></td></tr><tr class="skippedodd"><td rowspan="5">Tests.registeredUserCheckoutTest</td><td><a href="#m21">ScreenShotOnFailure</a></td><td rowspan="5">1543304070330</td><td rowspan="5">0</td></tr><tr class="skippedodd"><td><a href="#m22">ScreenShotOnFailure</a></td></tr><tr class="skippedodd"><td><a href="#m23">ScreenShotOnFailure</a></td></tr><tr class="skippedodd"><td><a href="#m24">ScreenShotOnFailure</a></td></tr><tr class="skippedodd"><td><a href="#m25">ScreenShotOnFailure</a></td></tr><tr><th colspan="4">Test Suite &#8212; skipped</th></tr><tr class="skippedeven"><td rowspan="2">Tests.AddProductToShoopingCart</td><td><a href="#m26">UserCanAddItemToShoppingCart</a></td><td rowspan="1">1543304070324</td><td rowspan="1">0</td></tr><tr class="skippedeven"><td><a href="#m27">UserCanRemoveItemFromShoppingCard</a></td><td rowspan="1">1543304070327</td><td rowspan="1">1</td></tr><tr class="skippedodd"><td rowspan="2">Tests.UserRegisterTest</td><td><a href="#m28">RegisterCanLoIn</a></td><td rowspan="1">1543304070337</td><td rowspan="1">0</td></tr><tr class="skippedodd"><td><a href="#m29">RegisterUserCanLogout</a></td><td rowspan="1">1543304070336</td><td rowspan="1">0</td></tr><tr class="skippedeven"><td rowspan="3">Tests.addProductReviewTest</td><td><a href="#m30">RegisterUserCanLogout</a></td><td rowspan="1">1543304070331</td><td rowspan="1">0</td></tr><tr class="skippedeven"><td><a href="#m31">userCanAddReviewSuccessfully</a></td><td rowspan="1">1543304070328</td><td rowspan="1">1</td></tr><tr class="skippedeven"><td><a href="#m32">userCanSearchForProdct</a></td><td rowspan="1">1543304070325</td><td rowspan="1">0</td></tr><tr class="skippedodd"><td rowspan="2">Tests.addProductToWishListTest</td><td><a href="#m33">userCanAddProductToWishList</a></td><td rowspan="1">1543304070325</td><td rowspan="1">0</td></tr><tr class="skippedodd"><td><a href="#m34">userCanRemoveProductFromWishList</a></td><td rowspan="1">1543304070329</td><td rowspan="1">0</td></tr><tr class="skippedeven"><td rowspan="1">Tests.addToCompareTest</td><td><a href="#m35">userCanClearCompareList</a></td><td rowspan="1">1543304070325</td><td rowspan="1">0</td></tr><tr class="skippedodd"><td rowspan="3">Tests.emailFriendTest</td><td><a href="#m36">RegisterUserCanLogout</a></td><td rowspan="1">1543304070331</td><td rowspan="1">0</td></tr><tr class="skippedodd"><td><a href="#m37">RegisterUserCanSendEmail</a></td><td rowspan="1">1543304070329</td><td rowspan="1">0</td></tr><tr class="skippedodd"><td><a href="#m38">userCanSearchForProdct</a></td><td rowspan="1">1543304070326</td><td rowspan="1">0</td></tr><tr class="skippedeven"><td rowspan="5">Tests.myAccountTest</td><td><a href="#m39">RegisterCanLoIn</a></td><td rowspan="1">1543304070331</td><td rowspan="1">1</td></tr><tr class="skippedeven"><td><a href="#m40">RegisterUserCanChnagePassword</a></td><td rowspan="1">1543304070326</td><td rowspan="1">0</td></tr><tr class="skippedeven"><td><a href="#m41">RegisterUserCanLogout</a></td><td rowspan="1">1543304070330</td><td rowspan="1">0</td></tr><tr class="skippedeven"><td><a href="#m42">UserCanRegisterSuccessfully</a></td><td rowspan="1">1543304070323</td><td rowspan="1">0</td></tr><tr class="skippedeven"><td><a href="#m43">UserLogout</a></td><td rowspan="1">1543304070332</td><td rowspan="1">0</td></tr><tr class="skippedodd"><td rowspan="5">Tests.registeredUserCheckoutTest</td><td><a href="#m44">RegisterUserCanLogout</a></td><td rowspan="1">1543304070333</td><td rowspan="1">0</td></tr><tr class="skippedodd"><td><a href="#m45">UserCanAddItemToShoppingCart</a></td><td rowspan="1">1543304070330</td><td rowspan="1">0</td></tr><tr class="skippedodd"><td><a href="#m46">UserCanRegisterSuccessfully</a></td><td rowspan="1">1543304070324</td><td rowspan="1">0</td></tr><tr class="skippedodd"><td><a href="#m47">userCanCheckProductCard</a></td><td rowspan="1">1543304070332</td><td rowspan="1">0</td></tr><tr class="skippedodd"><td><a href="#m48">userCanSearchForProdct</a></td><td rowspan="1">1543304070327</td><td rowspan="1">0</td></tr><tr><th colspan="4">Test Suite &#8212; passed</th></tr><tr class="passedeven"><td rowspan="1">Tests.AddProductToShoopingCart</td><td><a href="#m49">userCanSearchForProdct</a></td><td rowspan="1">1543303698988</td><td rowspan="1">4477</td></tr><tr class="passedodd"><td rowspan="1">Tests.ContactUsTest</td><td><a href="#m50">UserCanUseContactUs</a></td><td rowspan="1">1543303660410</td><td rowspan="1">5611</td></tr><tr class="passedeven"><td rowspan="1">Tests.addProductToWishListTest</td><td><a href="#m51">userCanSearchForProdct</a></td><td rowspan="1">1543303956982</td><td rowspan="1">7640</td></tr><tr class="passedodd"><td rowspan="1">Tests.addToCompareTest</td><td><a href="#m52">userCanCompareProduct</a></td><td rowspan="1">1543303964622</td><td rowspan="1">23168</td></tr><tr class="passedeven"><td rowspan="2">Tests.changeCurrencyTest</td><td><a href="#m53">userCanChangeCurrency</a></td><td rowspan="1">1543303666023</td><td rowspan="1">6721</td></tr><tr class="passedeven"><td><a href="#m54">userCanSearchForProdct</a></td><td rowspan="1">1543303672744</td><td rowspan="1">12329</td></tr><tr class="passedodd"><td rowspan="1">Tests.productHoverMenuTest</td><td><a href="#m55">userCanSlectSubCategoryFromManiMenu</a></td><td rowspan="1">1543303685074</td><td rowspan="1">3943</td></tr><tr class="passedeven"><td rowspan="1">Tests.searchProductTest</td><td><a href="#m56">userCanSearchForProdct</a></td><td rowspan="1">1543303689018</td><td rowspan="1">5599</td></tr><tr class="passedodd"><td rowspan="1">Tests.serchForProductUsingAutoCompleteTest</td><td><a href="#m57">userCanSearchWithAutoSuggest</a></td><td rowspan="1">1543303694618</td><td rowspan="1">4369</td></tr></tbody></table><h2>Test Suite</h2><h3 id="m0">Tests.emailFriendTest#ScreenShotOnFailure</h3><table class="result"><tr class="param"><th>Parameter #1</th></tr><tr class="param stripe"><td>[TestResult name=UserCanRegisterSuccessfully status=FAILURE method=emailFriendTest.UserCanRegisterSuccessfully()[pri:1, instance:Tests.emailFriendTest@9f70c54] output={null}]</td></tr><tr><th>Exception</th></tr><tr><td><div class="stacktrace">org.openqa.selenium.NoSuchWindowException: no such window: target window already closed
from unknown error: web view not found
  (Session info: chrome=70.0.3538.110)
  (Driver info: chromedriver=2.43.600210 (68dcf5eebde37173d4027fa8635e332711d2874a),platform=Windows NT 10.0.17134 x86_64) (WARNING: The server did not provide any stacktrace information)
Command duration or timeout: 0 milliseconds
Build info: version: &apos;3.8.1&apos;, revision: &apos;6e95a6684b&apos;, time: &apos;2017-12-01T18:33:54.468Z&apos;
System info: host: &apos;OYEHIA&apos;, ip: &apos;222.222.100.238&apos;, os.name: &apos;Windows 10&apos;, os.arch: &apos;amd64&apos;, os.version: &apos;10.0&apos;, java.version: &apos;1.8.0_77&apos;
Driver info: org.openqa.selenium.chrome.ChromeDriver
Capabilities {acceptInsecureCerts: false, acceptSslCerts: false, applicationCacheEnabled: false, browserConnectionEnabled: false, browserName: chrome, chrome: {chromedriverVersion: 2.43.600210 (68dcf5eebde371..., userDataDir: C:\Users\oyehia\AppData\Loc...}, cssSelectorsEnabled: true, databaseEnabled: false, goog:chromeOptions: {debuggerAddress: localhost:51924}, handlesAlerts: true, hasTouchScreen: false, javascriptEnabled: true, locationContextEnabled: true, mobileEmulationEnabled: false, nativeEvents: true, networkConnectionEnabled: false, pageLoadStrategy: normal, platform: XP, platformName: XP, rotatable: false, setWindowRect: true, takesHeapSnapshot: true, takesScreenshot: true, unexpectedAlertBehaviour: , unhandledPromptBehavior: , version: 70.0.3538.110, webStorageEnabled: true}
Session ID: aa0b22ac3022b8af97894e1a6504d46c
	at org.openqa.selenium.remote.ErrorHandler.createThrowable(ErrorHandler.java:214)
	at org.openqa.selenium.remote.ErrorHandler.throwIfResponseFailed(ErrorHandler.java:166)
	at org.openqa.selenium.remote.http.JsonHttpResponseCodec.reconstructValue(JsonHttpResponseCodec.java:40)
	at org.openqa.selenium.remote.http.AbstractHttpResponseCodec.decode(AbstractHttpResponseCodec.java:80)
	at org.openqa.selenium.remote.http.AbstractHttpResponseCodec.decode(AbstractHttpResponseCodec.java:44)
	at org.openqa.selenium.remote.HttpCommandExecutor.execute(HttpCommandExecutor.java:164)
	at org.openqa.selenium.remote.service.DriverCommandExecutor.execute(DriverCommandExecutor.java:83)
	at org.openqa.selenium.remote.RemoteWebDriver.execute(RemoteWebDriver.java:601)
	at org.openqa.selenium.remote.RemoteWebDriver.execute(RemoteWebDriver.java:658)
	at org.openqa.selenium.remote.RemoteWebDriver.getScreenshotAs(RemoteWebDriver.java:343)
	at Utiity.helper.captureScreenShot(helper.java:22)
	at Tests.TestBase.ScreenShotOnFailure(TestBase.java:81)
... Removed 34 stack frames</div></td></tr></table><p class="totop"><a href="#summary">back to summary</a></p><h3 id="m1">Tests.UserRegisterTest#UserCanRegisterSuccessfully</h3><table class="result"><tr><th>Exception</th></tr><tr><td><div class="stacktrace">org.openqa.selenium.NoSuchElementException: no such element: Unable to locate element: {&quot;method&quot;:&quot;css selector&quot;,&quot;selector&quot;:&quot;div.result&quot;}
  (Session info: chrome=70.0.3538.110)
  (Driver info: chromedriver=2.43.600210 (68dcf5eebde37173d4027fa8635e332711d2874a),platform=Windows NT 10.0.17134 x86_64) (WARNING: The server did not provide any stacktrace information)
Command duration or timeout: 0 milliseconds
For documentation on this error, please visit: http://seleniumhq.org/exceptions/no_such_element.html
Build info: version: &apos;3.8.1&apos;, revision: &apos;6e95a6684b&apos;, time: &apos;2017-12-01T18:33:54.468Z&apos;
System info: host: &apos;OYEHIA&apos;, ip: &apos;222.222.100.238&apos;, os.name: &apos;Windows 10&apos;, os.arch: &apos;amd64&apos;, os.version: &apos;10.0&apos;, java.version: &apos;1.8.0_77&apos;
Driver info: org.openqa.selenium.chrome.ChromeDriver
Capabilities {acceptInsecureCerts: false, acceptSslCerts: false, applicationCacheEnabled: false, browserConnectionEnabled: false, browserName: chrome, chrome: {chromedriverVersion: 2.43.600210 (68dcf5eebde371..., userDataDir: C:\Users\oyehia\AppData\Loc...}, cssSelectorsEnabled: true, databaseEnabled: false, goog:chromeOptions: {debuggerAddress: localhost:51924}, handlesAlerts: true, hasTouchScreen: false, javascriptEnabled: true, locationContextEnabled: true, mobileEmulationEnabled: false, nativeEvents: true, networkConnectionEnabled: false, pageLoadStrategy: normal, platform: XP, platformName: XP, rotatable: false, setWindowRect: true, takesHeapSnapshot: true, takesScreenshot: true, unexpectedAlertBehaviour: , unhandledPromptBehavior: , version: 70.0.3538.110, webStorageEnabled: true}
Session ID: aa0b22ac3022b8af97894e1a6504d46c
*** Element info: {Using=css selector, value=div.result}
	at org.openqa.selenium.remote.ErrorHandler.createThrowable(ErrorHandler.java:214)
	at org.openqa.selenium.remote.ErrorHandler.throwIfResponseFailed(ErrorHandler.java:166)
	at org.openqa.selenium.remote.http.JsonHttpResponseCodec.reconstructValue(JsonHttpResponseCodec.java:40)
	at org.openqa.selenium.remote.http.AbstractHttpResponseCodec.decode(AbstractHttpResponseCodec.java:80)
	at org.openqa.selenium.remote.http.AbstractHttpResponseCodec.decode(AbstractHttpResponseCodec.java:44)
	at org.openqa.selenium.remote.HttpCommandExecutor.execute(HttpCommandExecutor.java:164)
	at org.openqa.selenium.remote.service.DriverCommandExecutor.execute(DriverCommandExecutor.java:83)
	at org.openqa.selenium.remote.RemoteWebDriver.execute(RemoteWebDriver.java:601)
	at org.openqa.selenium.remote.RemoteWebDriver.findElement(RemoteWebDriver.java:371)
	at org.openqa.selenium.remote.RemoteWebDriver.findElementByCssSelector(RemoteWebDriver.java:465)
	at org.openqa.selenium.By$ByCssSelector.findElement(By.java:430)
	at org.openqa.selenium.remote.RemoteWebDriver.findElement(RemoteWebDriver.java:363)
	at org.openqa.selenium.support.pagefactory.DefaultElementLocator.findElement(DefaultElementLocator.java:69)
	at org.openqa.selenium.support.pagefactory.internal.LocatingElementHandler.invoke(LocatingElementHandler.java:38)
	at com.sun.proxy.$Proxy10.getText(Unknown Source)
	at Tests.UserRegisterTest.UserCanRegisterSuccessfully(UserRegisterTest.java:24)
... Removed 32 stack frames</div></td></tr></table><p class="totop"><a href="#summary">back to summary</a></p><h3 id="m2">Tests.addProductReviewTest#UserCanRegisterSuccessfully</h3><table class="result"><tr><th>Exception</th></tr><tr><td><div class="stacktrace">org.openqa.selenium.NoSuchElementException: no such element: Unable to locate element: {&quot;method&quot;:&quot;css selector&quot;,&quot;selector&quot;:&quot;div.result&quot;}
  (Session info: chrome=70.0.3538.110)
  (Driver info: chromedriver=2.43.600210 (68dcf5eebde37173d4027fa8635e332711d2874a),platform=Windows NT 10.0.17134 x86_64) (WARNING: The server did not provide any stacktrace information)
Command duration or timeout: 0 milliseconds
For documentation on this error, please visit: http://seleniumhq.org/exceptions/no_such_element.html
Build info: version: &apos;3.8.1&apos;, revision: &apos;6e95a6684b&apos;, time: &apos;2017-12-01T18:33:54.468Z&apos;
System info: host: &apos;OYEHIA&apos;, ip: &apos;222.222.100.238&apos;, os.name: &apos;Windows 10&apos;, os.arch: &apos;amd64&apos;, os.version: &apos;10.0&apos;, java.version: &apos;1.8.0_77&apos;
Driver info: org.openqa.selenium.chrome.ChromeDriver
Capabilities {acceptInsecureCerts: false, acceptSslCerts: false, applicationCacheEnabled: false, browserConnectionEnabled: false, browserName: chrome, chrome: {chromedriverVersion: 2.43.600210 (68dcf5eebde371..., userDataDir: C:\Users\oyehia\AppData\Loc...}, cssSelectorsEnabled: true, databaseEnabled: false, goog:chromeOptions: {debuggerAddress: localhost:51924}, handlesAlerts: true, hasTouchScreen: false, javascriptEnabled: true, locationContextEnabled: true, mobileEmulationEnabled: false, nativeEvents: true, networkConnectionEnabled: false, pageLoadStrategy: normal, platform: XP, platformName: XP, rotatable: false, setWindowRect: true, takesHeapSnapshot: true, takesScreenshot: true, unexpectedAlertBehaviour: , unhandledPromptBehavior: , version: 70.0.3538.110, webStorageEnabled: true}
Session ID: aa0b22ac3022b8af97894e1a6504d46c
*** Element info: {Using=css selector, value=div.result}
	at org.openqa.selenium.remote.ErrorHandler.createThrowable(ErrorHandler.java:214)
	at org.openqa.selenium.remote.ErrorHandler.throwIfResponseFailed(ErrorHandler.java:166)
	at org.openqa.selenium.remote.http.JsonHttpResponseCodec.reconstructValue(JsonHttpResponseCodec.java:40)
	at org.openqa.selenium.remote.http.AbstractHttpResponseCodec.decode(AbstractHttpResponseCodec.java:80)
	at org.openqa.selenium.remote.http.AbstractHttpResponseCodec.decode(AbstractHttpResponseCodec.java:44)
	at org.openqa.selenium.remote.HttpCommandExecutor.execute(HttpCommandExecutor.java:164)
	at org.openqa.selenium.remote.service.DriverCommandExecutor.execute(DriverCommandExecutor.java:83)
	at org.openqa.selenium.remote.RemoteWebDriver.execute(RemoteWebDriver.java:601)
	at org.openqa.selenium.remote.RemoteWebDriver.findElement(RemoteWebDriver.java:371)
	at org.openqa.selenium.remote.RemoteWebDriver.findElementByCssSelector(RemoteWebDriver.java:465)
	at org.openqa.selenium.By$ByCssSelector.findElement(By.java:430)
	at org.openqa.selenium.remote.RemoteWebDriver.findElement(RemoteWebDriver.java:363)
	at org.openqa.selenium.support.pagefactory.DefaultElementLocator.findElement(DefaultElementLocator.java:69)
	at org.openqa.selenium.support.pagefactory.internal.LocatingElementHandler.invoke(LocatingElementHandler.java:38)
	at com.sun.proxy.$Proxy10.getText(Unknown Source)
	at Tests.addProductReviewTest.UserCanRegisterSuccessfully(addProductReviewTest.java:33)
... Removed 32 stack frames</div></td></tr></table><p class="totop"><a href="#summary">back to summary</a></p><h3 id="m3">Tests.emailFriendTest#UserCanRegisterSuccessfully</h3><table class="result"><tr><th>Exception</th></tr><tr><td><div class="stacktrace">java.lang.NullPointerException
	at org.openqa.selenium.support.pagefactory.internal.LocatingElementHandler.invoke(LocatingElementHandler.java:51)
	at com.sun.proxy.$Proxy10.getText(Unknown Source)
	at Tests.emailFriendTest.UserCanRegisterSuccessfully(emailFriendTest.java:30)
... Removed 32 stack frames</div></td></tr></table><p class="totop"><a href="#summary">back to summary</a></p><h3 id="m4">Tests.AddProductToShoopingCart#ScreenShotOnFailure</h3><table class="result"></table><p class="totop"><a href="#summary">back to summary</a></p><h3 id="m5">Tests.AddProductToShoopingCart#ScreenShotOnFailure</h3><table class="result"></table><p class="totop"><a href="#summary">back to summary</a></p><h3 id="m6">Tests.UserRegisterTest#closeDriver</h3><table class="result"></table><p class="totop"><a href="#summary">back to summary</a></p><h3 id="m7">Tests.addProductReviewTest#ScreenShotOnFailure</h3><table class="result"></table><p class="totop"><a href="#summary">back to summary</a></p><h3 id="m8">Tests.addProductReviewTest#ScreenShotOnFailure</h3><table class="result"></table><p class="totop"><a href="#summary">back to summary</a></p><h3 id="m9">Tests.addProductReviewTest#ScreenShotOnFailure</h3><table class="result"></table><p class="totop"><a href="#summary">back to summary</a></p><h3 id="m10">Tests.addProductToWishListTest#ScreenShotOnFailure</h3><table class="result"></table><p class="totop"><a href="#summary">back to summary</a></p><h3 id="m11">Tests.addProductToWishListTest#ScreenShotOnFailure</h3><table class="result"></table><p class="totop"><a href="#summary">back to summary</a></p><h3 id="m12">Tests.addToCompareTest#ScreenShotOnFailure</h3><table class="result"></table><p class="totop"><a href="#summary">back to summary</a></p><h3 id="m13">Tests.emailFriendTest#ScreenShotOnFailure</h3><table class="result"></table><p class="totop"><a href="#summary">back to summary</a></p><h3 id="m14">Tests.emailFriendTest#ScreenShotOnFailure</h3><table class="result"></table><p class="totop"><a href="#summary">back to summary</a></p><h3 id="m15">Tests.emailFriendTest#ScreenShotOnFailure</h3><table class="result"></table><p class="totop"><a href="#summary">back to summary</a></p><h3 id="m16">Tests.myAccountTest#ScreenShotOnFailure</h3><table class="result"></table><p class="totop"><a href="#summary">back to summary</a></p><h3 id="m17">Tests.myAccountTest#ScreenShotOnFailure</h3><table class="result"></table><p class="totop"><a href="#summary">back to summary</a></p><h3 id="m18">Tests.myAccountTest#ScreenShotOnFailure</h3><table class="result"></table><p class="totop"><a href="#summary">back to summary</a></p><h3 id="m19">Tests.myAccountTest#ScreenShotOnFailure</h3><table class="result"></table><p class="totop"><a href="#summary">back to summary</a></p><h3 id="m20">Tests.myAccountTest#ScreenShotOnFailure</h3><table class="result"></table><p class="totop"><a href="#summary">back to summary</a></p><h3 id="m21">Tests.registeredUserCheckoutTest#ScreenShotOnFailure</h3><table class="result"></table><p class="totop"><a href="#summary">back to summary</a></p><h3 id="m22">Tests.registeredUserCheckoutTest#ScreenShotOnFailure</h3><table class="result"></table><p class="totop"><a href="#summary">back to summary</a></p><h3 id="m23">Tests.registeredUserCheckoutTest#ScreenShotOnFailure</h3><table class="result"></table><p class="totop"><a href="#summary">back to summary</a></p><h3 id="m24">Tests.registeredUserCheckoutTest#ScreenShotOnFailure</h3><table class="result"></table><p class="totop"><a href="#summary">back to summary</a></p><h3 id="m25">Tests.registeredUserCheckoutTest#ScreenShotOnFailure</h3><table class="result"></table><p class="totop"><a href="#summary">back to summary</a></p><h3 id="m26">Tests.AddProductToShoopingCart#UserCanAddItemToShoppingCart</h3><table class="result"></table><p class="totop"><a href="#summary">back to summary</a></p><h3 id="m27">Tests.AddProductToShoopingCart#UserCanRemoveItemFromShoppingCard</h3><table class="result"></table><p class="totop"><a href="#summary">back to summary</a></p><h3 id="m28">Tests.UserRegisterTest#RegisterCanLoIn</h3><table class="result"><tr><th>Exception</th></tr><tr><td><div class="stacktrace">java.lang.Throwable: Method UserRegisterTest.RegisterCanLoIn()[pri:0, instance:Tests.UserRegisterTest@5a61f5df] depends on not successfully finished methods
... Removed 21 stack frames</div></td></tr></table><p class="totop"><a href="#summary">back to summary</a></p><h3 id="m29">Tests.UserRegisterTest#RegisterUserCanLogout</h3><table class="result"><tr><th>Exception</th></tr><tr><td><div class="stacktrace">java.lang.Throwable: Method UserRegisterTest.RegisterUserCanLogout()[pri:0, instance:Tests.UserRegisterTest@5a61f5df] depends on not successfully finished methods
... Removed 21 stack frames</div></td></tr></table><p class="totop"><a href="#summary">back to summary</a></p><h3 id="m30">Tests.addProductReviewTest#RegisterUserCanLogout</h3><table class="result"></table><p class="totop"><a href="#summary">back to summary</a></p><h3 id="m31">Tests.addProductReviewTest#userCanAddReviewSuccessfully</h3><table class="result"></table><p class="totop"><a href="#summary">back to summary</a></p><h3 id="m32">Tests.addProductReviewTest#userCanSearchForProdct</h3><table class="result"></table><p class="totop"><a href="#summary">back to summary</a></p><h3 id="m33">Tests.addProductToWishListTest#userCanAddProductToWishList</h3><table class="result"></table><p class="totop"><a href="#summary">back to summary</a></p><h3 id="m34">Tests.addProductToWishListTest#userCanRemoveProductFromWishList</h3><table class="result"></table><p class="totop"><a href="#summary">back to summary</a></p><h3 id="m35">Tests.addToCompareTest#userCanClearCompareList</h3><table class="result"></table><p class="totop"><a href="#summary">back to summary</a></p><h3 id="m36">Tests.emailFriendTest#RegisterUserCanLogout</h3><table class="result"></table><p class="totop"><a href="#summary">back to summary</a></p><h3 id="m37">Tests.emailFriendTest#RegisterUserCanSendEmail</h3><table class="result"></table><p class="totop"><a href="#summary">back to summary</a></p><h3 id="m38">Tests.emailFriendTest#userCanSearchForProdct</h3><table class="result"></table><p class="totop"><a href="#summary">back to summary</a></p><h3 id="m39">Tests.myAccountTest#RegisterCanLoIn</h3><table class="result"></table><p class="totop"><a href="#summary">back to summary</a></p><h3 id="m40">Tests.myAccountTest#RegisterUserCanChnagePassword</h3><table class="result"></table><p class="totop"><a href="#summary">back to summary</a></p><h3 id="m41">Tests.myAccountTest#RegisterUserCanLogout</h3><table class="result"></table><p class="totop"><a href="#summary">back to summary</a></p><h3 id="m42">Tests.myAccountTest#UserCanRegisterSuccessfully</h3><table class="result"></table><p class="totop"><a href="#summary">back to summary</a></p><h3 id="m43">Tests.myAccountTest#UserLogout</h3><table class="result"></table><p class="totop"><a href="#summary">back to summary</a></p><h3 id="m44">Tests.registeredUserCheckoutTest#RegisterUserCanLogout</h3><table class="result"></table><p class="totop"><a href="#summary">back to summary</a></p><h3 id="m45">Tests.registeredUserCheckoutTest#UserCanAddItemToShoppingCart</h3><table class="result"></table><p class="totop"><a href="#summary">back to summary</a></p><h3 id="m46">Tests.registeredUserCheckoutTest#UserCanRegisterSuccessfully</h3><table class="result"></table><p class="totop"><a href="#summary">back to summary</a></p><h3 id="m47">Tests.registeredUserCheckoutTest#userCanCheckProductCard</h3><table class="result"></table><p class="totop"><a href="#summary">back to summary</a></p><h3 id="m48">Tests.registeredUserCheckoutTest#userCanSearchForProdct</h3><table class="result"></table><p class="totop"><a href="#summary">back to summary</a></p><h3 id="m49">Tests.AddProductToShoopingCart#userCanSearchForProdct</h3><table class="result"></table><p class="totop"><a href="#summary">back to summary</a></p><h3 id="m50">Tests.ContactUsTest#UserCanUseContactUs</h3><table class="result"></table><p class="totop"><a href="#summary">back to summary</a></p><h3 id="m51">Tests.addProductToWishListTest#userCanSearchForProdct</h3><table class="result"></table><p class="totop"><a href="#summary">back to summary</a></p><h3 id="m52">Tests.addToCompareTest#userCanCompareProduct</h3><table class="result"></table><p class="totop"><a href="#summary">back to summary</a></p><h3 id="m53">Tests.changeCurrencyTest#userCanChangeCurrency</h3><table class="result"></table><p class="totop"><a href="#summary">back to summary</a></p><h3 id="m54">Tests.changeCurrencyTest#userCanSearchForProdct</h3><table class="result"></table><p class="totop"><a href="#summary">back to summary</a></p><h3 id="m55">Tests.productHoverMenuTest#userCanSlectSubCategoryFromManiMenu</h3><table class="result"></table><p class="totop"><a href="#summary">back to summary</a></p><h3 id="m56">Tests.searchProductTest#userCanSearchForProdct</h3><table class="result"></table><p class="totop"><a href="#summary">back to summary</a></p><h3 id="m57">Tests.serchForProductUsingAutoCompleteTest#userCanSearchWithAutoSuggest</h3><table class="result"></table><p class="totop"><a href="#summary">back to summary</a></p></body></html>