<?xml version="1.0" encoding="UTF-8"?>
<testsuite xmlns:xsi="http://www.w3.org/2001/XMLSchema-instance" xsi:noNamespaceSchemaLocation="https://maven.apache.org/surefire/maven-surefire-plugin/xsd/surefire-test-report.xsd" name="TestSuite" time="431.074" tests="58" errors="0" skipped="45" failures="4">
  <properties>
    <property name="sun.desktop" value="windows"/>
    <property name="awt.toolkit" value="sun.awt.windows.WToolkit"/>
    <property name="file.encoding.pkg" value="sun.io"/>
    <property name="java.specification.version" value="1.8"/>
    <property name="sun.cpu.isalist" value="amd64"/>
    <property name="sun.jnu.encoding" value="Cp1252"/>
    <property name="java.class.path" value="D:\Omnia Files\taf\target\test-classes;D:\Omnia Files\taf\target\classes;C:\Users\oyehia\.m2\repository\org\seleniumhq\selenium\selenium-java\3.8.1\selenium-java-3.8.1.jar;C:\Users\oyehia\.m2\repository\org\seleniumhq\selenium\selenium-api\3.8.1\selenium-api-3.8.1.jar;C:\Users\oyehia\.m2\repository\org\seleniumhq\selenium\selenium-chrome-driver\3.8.1\selenium-chrome-driver-3.8.1.jar;C:\Users\oyehia\.m2\repository\org\seleniumhq\selenium\selenium-edge-driver\3.8.1\selenium-edge-driver-3.8.1.jar;C:\Users\oyehia\.m2\repository\org\seleniumhq\selenium\selenium-firefox-driver\3.8.1\selenium-firefox-driver-3.8.1.jar;C:\Users\oyehia\.m2\repository\org\seleniumhq\selenium\selenium-ie-driver\3.8.1\selenium-ie-driver-3.8.1.jar;C:\Users\oyehia\.m2\repository\org\seleniumhq\selenium\selenium-opera-driver\3.8.1\selenium-opera-driver-3.8.1.jar;C:\Users\oyehia\.m2\repository\org\seleniumhq\selenium\selenium-remote-driver\3.8.1\selenium-remote-driver-3.8.1.jar;C:\Users\oyehia\.m2\repository\org\seleniumhq\selenium\selenium-safari-driver\3.8.1\selenium-safari-driver-3.8.1.jar;C:\Users\oyehia\.m2\repository\org\seleniumhq\selenium\selenium-support\3.8.1\selenium-support-3.8.1.jar;C:\Users\oyehia\.m2\repository\net\bytebuddy\byte-buddy\1.7.5\byte-buddy-1.7.5.jar;C:\Users\oyehia\.m2\repository\org\apache\commons\commons-exec\1.3\commons-exec-1.3.jar;C:\Users\oyehia\.m2\repository\commons-codec\commons-codec\1.10\commons-codec-1.10.jar;C:\Users\oyehia\.m2\repository\commons-logging\commons-logging\1.2\commons-logging-1.2.jar;C:\Users\oyehia\.m2\repository\com\google\code\gson\gson\2.8.2\gson-2.8.2.jar;C:\Users\oyehia\.m2\repository\com\google\guava\guava\23.0\guava-23.0.jar;C:\Users\oyehia\.m2\repository\org\apache\httpcomponents\httpclient\4.5.3\httpclient-4.5.3.jar;C:\Users\oyehia\.m2\repository\org\apache\httpcomponents\httpcore\4.4.6\httpcore-4.4.6.jar;C:\Users\oyehia\.m2\repository\commons-io\commons-io\1.3.2\commons-io-1.3.2.jar;C:\Users\oyehia\.m2\repository\org\testng\testng\6.9.8\testng-6.9.8.jar;C:\Users\oyehia\.m2\repository\org\beanshell\bsh\2.0b4\bsh-2.0b4.jar;C:\Users\oyehia\.m2\repository\com\beust\jcommander\1.48\jcommander-1.48.jar;"/>
    <property name="java.vm.vendor" value="Oracle Corporation"/>
    <property name="sun.arch.data.model" value="64"/>
    <property name="user.variant" value=""/>
    <property name="java.vendor.url" value="http://java.oracle.com/"/>
    <property name="user.timezone" value="Africa/Cairo"/>
    <property name="java.vm.specification.version" value="1.8"/>
    <property name="os.name" value="Windows 10"/>
    <property name="user.country" value="US"/>
    <property name="sun.java.launcher" value="SUN_STANDARD"/>
    <property name="sun.boot.library.path" value="C:\Program Files\Java\jre1.8.0_77\bin"/>
    <property name="sun.java.command" value="C:\Users\oyehia\AppData\Local\Temp\surefire6005103559777681529\surefirebooter8588665447572360251.jar C:\Users\oyehia\AppData\Local\Temp\surefire6005103559777681529 2018-11-27T09-27-17_507-jvmRun1 surefire1715049111545796054tmp surefire_02471967851604401552tmp"/>
    <property name="surefire.test.class.path" value="D:\Omnia Files\taf\target\test-classes;D:\Omnia Files\taf\target\classes;C:\Users\oyehia\.m2\repository\org\seleniumhq\selenium\selenium-java\3.8.1\selenium-java-3.8.1.jar;C:\Users\oyehia\.m2\repository\org\seleniumhq\selenium\selenium-api\3.8.1\selenium-api-3.8.1.jar;C:\Users\oyehia\.m2\repository\org\seleniumhq\selenium\selenium-chrome-driver\3.8.1\selenium-chrome-driver-3.8.1.jar;C:\Users\oyehia\.m2\repository\org\seleniumhq\selenium\selenium-edge-driver\3.8.1\selenium-edge-driver-3.8.1.jar;C:\Users\oyehia\.m2\repository\org\seleniumhq\selenium\selenium-firefox-driver\3.8.1\selenium-firefox-driver-3.8.1.jar;C:\Users\oyehia\.m2\repository\org\seleniumhq\selenium\selenium-ie-driver\3.8.1\selenium-ie-driver-3.8.1.jar;C:\Users\oyehia\.m2\repository\org\seleniumhq\selenium\selenium-opera-driver\3.8.1\selenium-opera-driver-3.8.1.jar;C:\Users\oyehia\.m2\repository\org\seleniumhq\selenium\selenium-remote-driver\3.8.1\selenium-remote-driver-3.8.1.jar;C:\Users\oyehia\.m2\repository\org\seleniumhq\selenium\selenium-safari-driver\3.8.1\selenium-safari-driver-3.8.1.jar;C:\Users\oyehia\.m2\repository\org\seleniumhq\selenium\selenium-support\3.8.1\selenium-support-3.8.1.jar;C:\Users\oyehia\.m2\repository\net\bytebuddy\byte-buddy\1.7.5\byte-buddy-1.7.5.jar;C:\Users\oyehia\.m2\repository\org\apache\commons\commons-exec\1.3\commons-exec-1.3.jar;C:\Users\oyehia\.m2\repository\commons-codec\commons-codec\1.10\commons-codec-1.10.jar;C:\Users\oyehia\.m2\repository\commons-logging\commons-logging\1.2\commons-logging-1.2.jar;C:\Users\oyehia\.m2\repository\com\google\code\gson\gson\2.8.2\gson-2.8.2.jar;C:\Users\oyehia\.m2\repository\com\google\guava\guava\23.0\guava-23.0.jar;C:\Users\oyehia\.m2\repository\org\apache\httpcomponents\httpclient\4.5.3\httpclient-4.5.3.jar;C:\Users\oyehia\.m2\repository\org\apache\httpcomponents\httpcore\4.4.6\httpcore-4.4.6.jar;C:\Users\oyehia\.m2\repository\commons-io\commons-io\1.3.2\commons-io-1.3.2.jar;C:\Users\oyehia\.m2\repository\org\testng\testng\6.9.8\testng-6.9.8.jar;C:\Users\oyehia\.m2\repository\org\beanshell\bsh\2.0b4\bsh-2.0b4.jar;C:\Users\oyehia\.m2\repository\com\beust\jcommander\1.48\jcommander-1.48.jar;"/>
    <property name="sun.cpu.endian" value="little"/>
    <property name="user.home" value="C:\Users\oyehia"/>
    <property name="user.language" value="en"/>
    <property name="java.specification.vendor" value="Oracle Corporation"/>
    <property name="java.home" value="C:\Program Files\Java\jre1.8.0_77"/>
    <property name="basedir" value="D:\Omnia Files\taf"/>
    <property name="file.separator" value="\"/>
    <property name="line.separator" value="&#10;"/>
    <property name="java.vm.specification.vendor" value="Oracle Corporation"/>
    <property name="java.specification.name" value="Java Platform API Specification"/>
    <property name="java.awt.graphicsenv" value="sun.awt.Win32GraphicsEnvironment"/>
    <property name="surefire.real.class.path" value="C:\Users\oyehia\AppData\Local\Temp\surefire6005103559777681529\surefirebooter8588665447572360251.jar"/>
    <property name="sun.boot.class.path" value="C:\Program Files\Java\jre1.8.0_77\lib\resources.jar;C:\Program Files\Java\jre1.8.0_77\lib\rt.jar;C:\Program Files\Java\jre1.8.0_77\lib\sunrsasign.jar;C:\Program Files\Java\jre1.8.0_77\lib\jsse.jar;C:\Program Files\Java\jre1.8.0_77\lib\jce.jar;C:\Program Files\Java\jre1.8.0_77\lib\charsets.jar;C:\Program Files\Java\jre1.8.0_77\lib\jfr.jar;C:\Program Files\Java\jre1.8.0_77\classes"/>
    <property name="user.script" value=""/>
    <property name="sun.management.compiler" value="HotSpot 64-Bit Tiered Compilers"/>
    <property name="java.runtime.version" value="1.8.0_77-b03"/>
    <property name="user.name" value="oyehia"/>
    <property name="path.separator" value=";"/>
    <property name="os.version" value="10.0"/>
    <property name="java.endorsed.dirs" value="C:\Program Files\Java\jre1.8.0_77\lib\endorsed"/>
    <property name="java.runtime.name" value="Java(TM) SE Runtime Environment"/>
    <property name="file.encoding" value="Cp1252"/>
    <property name="java.vm.name" value="Java HotSpot(TM) 64-Bit Server VM"/>
    <property name="localRepository" value="C:\Users\oyehia\.m2\repository"/>
    <property name="java.vendor.url.bug" value="http://bugreport.sun.com/bugreport/"/>
    <property name="java.io.tmpdir" value="C:\Users\oyehia\AppData\Local\Temp\"/>
    <property name="java.version" value="1.8.0_77"/>
    <property name="user.dir" value="D:\Omnia Files\taf"/>
    <property name="os.arch" value="amd64"/>
    <property name="java.vm.specification.name" value="Java Virtual Machine Specification"/>
    <property name="java.awt.printerjob" value="sun.awt.windows.WPrinterJob"/>
    <property name="sun.os.patch.level" value=""/>
    <property name="java.library.path" value="C:\Program Files\Java\jre1.8.0_77\bin;C:\WINDOWS\Sun\Java\bin;C:\WINDOWS\system32;C:\WINDOWS;C:\ProgramData\Oracle\Java\javapath;C:\WINDOWS\system32;C:\WINDOWS;C:\WINDOWS\System32\Wbem;C:\WINDOWS\System32\WindowsPowerShell\v1.0\C:\Program Files\Java\jdk1.8.0_77\bin;D:\Automation\apache-maven-3.5.4\bin;;C:\Users\oyehia\AppData\Local\Android\sdk\tools;C:\Users\oyehia\AppData\Local\Android\sdk\platform-tools;C:\Program Files\nodejs\;C:\WINDOWS\System32\WindowsPowerShell\v1.0\;C:\WINDOWS\System32\OpenSSH\;C:\Program Files\Java\jdk1.8.0_77;C:\Users\oyehia\AppData\Roaming\npm;%USERPROFILE%\AppData\Local\Microsoft\WindowsApps;;."/>
    <property name="java.vm.info" value="mixed mode"/>
    <property name="java.vendor" value="Oracle Corporation"/>
    <property name="java.vm.version" value="25.77-b03"/>
    <property name="java.ext.dirs" value="C:\Program Files\Java\jre1.8.0_77\lib\ext;C:\WINDOWS\Sun\Java\lib\ext"/>
    <property name="sun.io.unicode.encoding" value="UnicodeLittle"/>
    <property name="java.class.version" value="52.0"/>
  </properties>
  <testcase name="UserCanUseContactUs" classname="Tests.ContactUsTest" time="5.612"/>
  <testcase name="userCanChangeCurrency" classname="Tests.changeCurrencyTest" time="6.719"/>
  <testcase name="userCanSearchForProdct" classname="Tests.changeCurrencyTest" time="12.329"/>
  <testcase name="userCanSlectSubCategoryFromManiMenu" classname="Tests.productHoverMenuTest" time="3.944"/>
  <testcase name="userCanSearchForProdct" classname="Tests.searchProductTest" time="5.598"/>
  <testcase name="userCanSearchWithAutoSuggest" classname="Tests.serchForProductUsingAutoCompleteTest" time="4.37"/>
  <testcase name="userCanSearchForProdct" classname="Tests.AddProductToShoopingCart" time="4.478"/>
  <testcase name="UserCanRegisterSuccessfully" classname="Tests.UserRegisterTest" time="125.601">
    <failure message="no such element: Unable to locate element: {&quot;method&quot;:&quot;css selector&quot;,&quot;selector&quot;:&quot;div.result&quot;}&#10;  (Session info: chrome=70.0.3538.110)&#10;  (Driver info: chromedriver=2.43.600210 (68dcf5eebde37173d4027fa8635e332711d2874a),platform=Windows NT 10.0.17134 x86_64) (WARNING: The server did not provide any stacktrace information)&#10;Command duration or timeout: 0 milliseconds&#10;For documentation on this error, please visit: http://seleniumhq.org/exceptions/no_such_element.html&#10;Build info: version: &apos;3.8.1&apos;, revision: &apos;6e95a6684b&apos;, time: &apos;2017-12-01T18:33:54.468Z&apos;&#10;System info: host: &apos;OYEHIA&apos;, ip: &apos;222.222.100.238&apos;, os.name: &apos;Windows 10&apos;, os.arch: &apos;amd64&apos;, os.version: &apos;10.0&apos;, java.version: &apos;1.8.0_77&apos;&#10;Driver info: org.openqa.selenium.chrome.ChromeDriver&#10;Capabilities {acceptInsecureCerts: false, acceptSslCerts: false, applicationCacheEnabled: false, browserConnectionEnabled: false, browserName: chrome, chrome: {chromedriverVersion: 2.43.600210 (68dcf5eebde371..., userDataDir: C:\Users\oyehia\AppData\Loc...}, cssSelectorsEnabled: true, databaseEnabled: false, goog:chromeOptions: {debuggerAddress: localhost:51924}, handlesAlerts: true, hasTouchScreen: false, javascriptEnabled: true, locationContextEnabled: true, mobileEmulationEnabled: false, nativeEvents: true, networkConnectionEnabled: false, pageLoadStrategy: normal, platform: XP, platformName: XP, rotatable: false, setWindowRect: true, takesHeapSnapshot: true, takesScreenshot: true, unexpectedAlertBehaviour: , unhandledPromptBehavior: , version: 70.0.3538.110, webStorageEnabled: true}&#10;Session ID: aa0b22ac3022b8af97894e1a6504d46c&#10;*** Element info: {Using=css selector, value=div.result}" type="org.openqa.selenium.NoSuchElementException">org.openqa.selenium.NoSuchElementException: 
no such element: Unable to locate element: {"method":"css selector","selector":"div.result"}
  (Session info: chrome=70.0.3538.110)
  (Driver info: chromedriver=2.43.600210 (68dcf5eebde37173d4027fa8635e332711d2874a),platform=Windows NT 10.0.17134 x86_64) (WARNING: The server did not provide any stacktrace information)
Command duration or timeout: 0 milliseconds
For documentation on this error, please visit: http://seleniumhq.org/exceptions/no_such_element.html
Build info: version: '3.8.1', revision: '6e95a6684b', time: '2017-12-01T18:33:54.468Z'
System info: host: 'OYEHIA', ip: '222.222.100.238', os.name: 'Windows 10', os.arch: 'amd64', os.version: '10.0', java.version: '1.8.0_77'
Driver info: org.openqa.selenium.chrome.ChromeDriver
Capabilities {acceptInsecureCerts: false, acceptSslCerts: false, applicationCacheEnabled: false, browserConnectionEnabled: false, browserName: chrome, chrome: {chromedriverVersion: 2.43.600210 (68dcf5eebde371..., userDataDir: C:\Users\oyehia\AppData\Loc...}, cssSelectorsEnabled: true, databaseEnabled: false, goog:chromeOptions: {debuggerAddress: localhost:51924}, handlesAlerts: true, hasTouchScreen: false, javascriptEnabled: true, locationContextEnabled: true, mobileEmulationEnabled: false, nativeEvents: true, networkConnectionEnabled: false, pageLoadStrategy: normal, platform: XP, platformName: XP, rotatable: false, setWindowRect: true, takesHeapSnapshot: true, takesScreenshot: true, unexpectedAlertBehaviour: , unhandledPromptBehavior: , version: 70.0.3538.110, webStorageEnabled: true}
Session ID: aa0b22ac3022b8af97894e1a6504d46c
*** Element info: {Using=css selector, value=div.result}
	at Tests.UserRegisterTest.UserCanRegisterSuccessfully(UserRegisterTest.java:24)
</failure>
  </testcase>
  <testcase name="UserCanRegisterSuccessfully" classname="Tests.addProductReviewTest" time="126.462">
    <failure message="no such element: Unable to locate element: {&quot;method&quot;:&quot;css selector&quot;,&quot;selector&quot;:&quot;div.result&quot;}&#10;  (Session info: chrome=70.0.3538.110)&#10;  (Driver info: chromedriver=2.43.600210 (68dcf5eebde37173d4027fa8635e332711d2874a),platform=Windows NT 10.0.17134 x86_64) (WARNING: The server did not provide any stacktrace information)&#10;Command duration or timeout: 0 milliseconds&#10;For documentation on this error, please visit: http://seleniumhq.org/exceptions/no_such_element.html&#10;Build info: version: &apos;3.8.1&apos;, revision: &apos;6e95a6684b&apos;, time: &apos;2017-12-01T18:33:54.468Z&apos;&#10;System info: host: &apos;OYEHIA&apos;, ip: &apos;222.222.100.238&apos;, os.name: &apos;Windows 10&apos;, os.arch: &apos;amd64&apos;, os.version: &apos;10.0&apos;, java.version: &apos;1.8.0_77&apos;&#10;Driver info: org.openqa.selenium.chrome.ChromeDriver&#10;Capabilities {acceptInsecureCerts: false, acceptSslCerts: false, applicationCacheEnabled: false, browserConnectionEnabled: false, browserName: chrome, chrome: {chromedriverVersion: 2.43.600210 (68dcf5eebde371..., userDataDir: C:\Users\oyehia\AppData\Loc...}, cssSelectorsEnabled: true, databaseEnabled: false, goog:chromeOptions: {debuggerAddress: localhost:51924}, handlesAlerts: true, hasTouchScreen: false, javascriptEnabled: true, locationContextEnabled: true, mobileEmulationEnabled: false, nativeEvents: true, networkConnectionEnabled: false, pageLoadStrategy: normal, platform: XP, platformName: XP, rotatable: false, setWindowRect: true, takesHeapSnapshot: true, takesScreenshot: true, unexpectedAlertBehaviour: , unhandledPromptBehavior: , version: 70.0.3538.110, webStorageEnabled: true}&#10;Session ID: aa0b22ac3022b8af97894e1a6504d46c&#10;*** Element info: {Using=css selector, value=div.result}" type="org.openqa.selenium.NoSuchElementException">org.openqa.selenium.NoSuchElementException: 
no such element: Unable to locate element: {"method":"css selector","selector":"div.result"}
  (Session info: chrome=70.0.3538.110)
  (Driver info: chromedriver=2.43.600210 (68dcf5eebde37173d4027fa8635e332711d2874a),platform=Windows NT 10.0.17134 x86_64) (WARNING: The server did not provide any stacktrace information)
Command duration or timeout: 0 milliseconds
For documentation on this error, please visit: http://seleniumhq.org/exceptions/no_such_element.html
Build info: version: '3.8.1', revision: '6e95a6684b', time: '2017-12-01T18:33:54.468Z'
System info: host: 'OYEHIA', ip: '222.222.100.238', os.name: 'Windows 10', os.arch: 'amd64', os.version: '10.0', java.version: '1.8.0_77'
Driver info: org.openqa.selenium.chrome.ChromeDriver
Capabilities {acceptInsecureCerts: false, acceptSslCerts: false, applicationCacheEnabled: false, browserConnectionEnabled: false, browserName: chrome, chrome: {chromedriverVersion: 2.43.600210 (68dcf5eebde371..., userDataDir: C:\Users\oyehia\AppData\Loc...}, cssSelectorsEnabled: true, databaseEnabled: false, goog:chromeOptions: {debuggerAddress: localhost:51924}, handlesAlerts: true, hasTouchScreen: false, javascriptEnabled: true, locationContextEnabled: true, mobileEmulationEnabled: false, nativeEvents: true, networkConnectionEnabled: false, pageLoadStrategy: normal, platform: XP, platformName: XP, rotatable: false, setWindowRect: true, takesHeapSnapshot: true, takesScreenshot: true, unexpectedAlertBehaviour: , unhandledPromptBehavior: , version: 70.0.3538.110, webStorageEnabled: true}
Session ID: aa0b22ac3022b8af97894e1a6504d46c
*** Element info: {Using=css selector, value=div.result}
	at Tests.addProductReviewTest.UserCanRegisterSuccessfully(addProductReviewTest.java:33)
</failure>
    <system-out><![CDATA[Faied TestCase
Taking ScreenSgot .....
]]></system-out>
  </testcase>
  <testcase name="userCanSearchForProdct" classname="Tests.addProductToWishListTest" time="7.641"/>
  <testcase name="userCanCompareProduct" classname="Tests.addToCompareTest" time="23.168"/>
  <testcase name="UserCanRegisterSuccessfully" classname="Tests.emailFriendTest" time="82.524">
    <failure type="java.lang.NullPointerException">java.lang.NullPointerException
	at Tests.emailFriendTest.UserCanRegisterSuccessfully(emailFriendTest.java:30)
</failure>
  </testcase>
  <testcase name="ScreenShotOnFailure" classname="Tests.emailFriendTest" time="82.538">
    <failure message="no such window: target window already closed&#10;from unknown error: web view not found&#10;  (Session info: chrome=70.0.3538.110)&#10;  (Driver info: chromedriver=2.43.600210 (68dcf5eebde37173d4027fa8635e332711d2874a),platform=Windows NT 10.0.17134 x86_64) (WARNING: The server did not provide any stacktrace information)&#10;Command duration or timeout: 0 milliseconds&#10;Build info: version: &apos;3.8.1&apos;, revision: &apos;6e95a6684b&apos;, time: &apos;2017-12-01T18:33:54.468Z&apos;&#10;System info: host: &apos;OYEHIA&apos;, ip: &apos;222.222.100.238&apos;, os.name: &apos;Windows 10&apos;, os.arch: &apos;amd64&apos;, os.version: &apos;10.0&apos;, java.version: &apos;1.8.0_77&apos;&#10;Driver info: org.openqa.selenium.chrome.ChromeDriver&#10;Capabilities {acceptInsecureCerts: false, acceptSslCerts: false, applicationCacheEnabled: false, browserConnectionEnabled: false, browserName: chrome, chrome: {chromedriverVersion: 2.43.600210 (68dcf5eebde371..., userDataDir: C:\Users\oyehia\AppData\Loc...}, cssSelectorsEnabled: true, databaseEnabled: false, goog:chromeOptions: {debuggerAddress: localhost:51924}, handlesAlerts: true, hasTouchScreen: false, javascriptEnabled: true, locationContextEnabled: true, mobileEmulationEnabled: false, nativeEvents: true, networkConnectionEnabled: false, pageLoadStrategy: normal, platform: XP, platformName: XP, rotatable: false, setWindowRect: true, takesHeapSnapshot: true, takesScreenshot: true, unexpectedAlertBehaviour: , unhandledPromptBehavior: , version: 70.0.3538.110, webStorageEnabled: true}&#10;Session ID: aa0b22ac3022b8af97894e1a6504d46c" type="org.openqa.selenium.NoSuchWindowException">org.openqa.selenium.NoSuchWindowException: 
no such window: target window already closed
from unknown error: web view not found
  (Session info: chrome=70.0.3538.110)
  (Driver info: chromedriver=2.43.600210 (68dcf5eebde37173d4027fa8635e332711d2874a),platform=Windows NT 10.0.17134 x86_64) (WARNING: The server did not provide any stacktrace information)
Command duration or timeout: 0 milliseconds
Build info: version: '3.8.1', revision: '6e95a6684b', time: '2017-12-01T18:33:54.468Z'
System info: host: 'OYEHIA', ip: '222.222.100.238', os.name: 'Windows 10', os.arch: 'amd64', os.version: '10.0', java.version: '1.8.0_77'
Driver info: org.openqa.selenium.chrome.ChromeDriver
Capabilities {acceptInsecureCerts: false, acceptSslCerts: false, applicationCacheEnabled: false, browserConnectionEnabled: false, browserName: chrome, chrome: {chromedriverVersion: 2.43.600210 (68dcf5eebde371..., userDataDir: C:\Users\oyehia\AppData\Loc...}, cssSelectorsEnabled: true, databaseEnabled: false, goog:chromeOptions: {debuggerAddress: localhost:51924}, handlesAlerts: true, hasTouchScreen: false, javascriptEnabled: true, locationContextEnabled: true, mobileEmulationEnabled: false, nativeEvents: true, networkConnectionEnabled: false, pageLoadStrategy: normal, platform: XP, platformName: XP, rotatable: false, setWindowRect: true, takesHeapSnapshot: true, takesScreenshot: true, unexpectedAlertBehaviour: , unhandledPromptBehavior: , version: 70.0.3538.110, webStorageEnabled: true}
Session ID: aa0b22ac3022b8af97894e1a6504d46c
</failure>
    <system-out><![CDATA[Faied TestCase
Taking ScreenSgot .....
]]></system-out>
  </testcase>
  <testcase name="ScreenShotOnFailure" classname="Tests.emailFriendTest" time="0">
    <skipped/>
  </testcase>
  <testcase name="ScreenShotOnFailure" classname="Tests.emailFriendTest" time="0">
    <skipped/>
  </testcase>
  <testcase name="ScreenShotOnFailure" classname="Tests.emailFriendTest" time="0">
    <skipped/>
  </testcase>
  <testcase name="UserCanRegisterSuccessfully" classname="Tests.myAccountTest" time="0">
    <skipped/>
  </testcase>
  <testcase name="ScreenShotOnFailure" classname="Tests.myAccountTest" time="0">
    <skipped/>
  </testcase>
  <testcase name="ScreenShotOnFailure" classname="Tests.myAccountTest" time="0">
    <skipped/>
  </testcase>
  <testcase name="ScreenShotOnFailure" classname="Tests.myAccountTest" time="0">
    <skipped/>
  </testcase>
  <testcase name="ScreenShotOnFailure" classname="Tests.myAccountTest" time="0">
    <skipped/>
  </testcase>
  <testcase name="ScreenShotOnFailure" classname="Tests.myAccountTest" time="0">
    <skipped/>
  </testcase>
  <testcase name="UserCanRegisterSuccessfully" classname="Tests.registeredUserCheckoutTest" time="0">
    <skipped/>
  </testcase>
  <testcase name="ScreenShotOnFailure" classname="Tests.registeredUserCheckoutTest" time="0">
    <skipped/>
  </testcase>
  <testcase name="ScreenShotOnFailure" classname="Tests.registeredUserCheckoutTest" time="0">
    <skipped/>
  </testcase>
  <testcase name="ScreenShotOnFailure" classname="Tests.registeredUserCheckoutTest" time="0">
    <skipped/>
  </testcase>
  <testcase name="ScreenShotOnFailure" classname="Tests.registeredUserCheckoutTest" time="0">
    <skipped/>
  </testcase>
  <testcase name="ScreenShotOnFailure" classname="Tests.registeredUserCheckoutTest" time="0">
    <skipped/>
  </testcase>
  <testcase name="UserCanAddItemToShoppingCart" classname="Tests.AddProductToShoopingCart" time="0">
    <skipped/>
  </testcase>
  <testcase name="ScreenShotOnFailure" classname="Tests.AddProductToShoopingCart" time="0">
    <skipped/>
  </testcase>
  <testcase name="ScreenShotOnFailure" classname="Tests.AddProductToShoopingCart" time="0">
    <skipped/>
  </testcase>
  <testcase name="userCanSearchForProdct" classname="Tests.addProductReviewTest" time="0">
    <skipped/>
  </testcase>
  <testcase name="ScreenShotOnFailure" classname="Tests.addProductReviewTest" time="0">
    <skipped/>
  </testcase>
  <testcase name="ScreenShotOnFailure" classname="Tests.addProductReviewTest" time="0">
    <skipped/>
  </testcase>
  <testcase name="ScreenShotOnFailure" classname="Tests.addProductReviewTest" time="0">
    <skipped/>
  </testcase>
  <testcase name="userCanAddProductToWishList" classname="Tests.addProductToWishListTest" time="0">
    <skipped/>
  </testcase>
  <testcase name="ScreenShotOnFailure" classname="Tests.addProductToWishListTest" time="0">
    <skipped/>
  </testcase>
  <testcase name="ScreenShotOnFailure" classname="Tests.addProductToWishListTest" time="0">
    <skipped/>
  </testcase>
  <testcase name="userCanClearCompareList" classname="Tests.addToCompareTest" time="0">
    <skipped/>
  </testcase>
  <testcase name="ScreenShotOnFailure" classname="Tests.addToCompareTest" time="0">
    <skipped/>
  </testcase>
  <testcase name="userCanSearchForProdct" classname="Tests.emailFriendTest" time="0">
    <skipped/>
  </testcase>
  <testcase name="RegisterUserCanChnagePassword" classname="Tests.myAccountTest" time="0">
    <skipped/>
  </testcase>
  <testcase name="userCanSearchForProdct" classname="Tests.registeredUserCheckoutTest" time="0">
    <skipped/>
  </testcase>
  <testcase name="UserCanRemoveItemFromShoppingCard" classname="Tests.AddProductToShoopingCart" time="0">
    <skipped/>
  </testcase>
  <testcase name="userCanAddReviewSuccessfully" classname="Tests.addProductReviewTest" time="0">
    <skipped/>
  </testcase>
  <testcase name="userCanRemoveProductFromWishList" classname="Tests.addProductToWishListTest" time="0">
    <skipped/>
  </testcase>
  <testcase name="RegisterUserCanSendEmail" classname="Tests.emailFriendTest" time="0">
    <skipped/>
  </testcase>
  <testcase name="RegisterUserCanLogout" classname="Tests.myAccountTest" time="0">
    <skipped/>
  </testcase>
  <testcase name="UserCanAddItemToShoppingCart" classname="Tests.registeredUserCheckoutTest" time="0">
    <skipped/>
  </testcase>
  <testcase name="RegisterUserCanLogout" classname="Tests.addProductReviewTest" time="0">
    <skipped/>
  </testcase>
  <testcase name="RegisterUserCanLogout" classname="Tests.emailFriendTest" time="0">
    <skipped/>
  </testcase>
  <testcase name="RegisterCanLoIn" classname="Tests.myAccountTest" time="0">
    <skipped/>
  </testcase>
  <testcase name="userCanCheckProductCard" classname="Tests.registeredUserCheckoutTest" time="0">
    <skipped/>
  </testcase>
  <testcase name="UserLogout" classname="Tests.myAccountTest" time="0">
    <skipped/>
  </testcase>
  <testcase name="RegisterUserCanLogout" classname="Tests.registeredUserCheckoutTest" time="0">
    <skipped/>
  </testcase>
  <testcase name="RegisterUserCanLogout" classname="Tests.UserRegisterTest" time="0">
    <skipped message="Method UserRegisterTest.RegisterUserCanLogout()[pri:0, instance:Tests.UserRegisterTest@5a61f5df] depends on not successfully finished methods"/>
  </testcase>
  <testcase name="RegisterCanLoIn" classname="Tests.UserRegisterTest" time="0">
    <skipped message="Method UserRegisterTest.RegisterCanLoIn()[pri:0, instance:Tests.UserRegisterTest@5a61f5df] depends on not successfully finished methods"/>
  </testcase>
  <testcase name="closeDriver" classname="Tests.UserRegisterTest" time="0">
    <skipped/>
  </testcase>
</testsuite>