<?xml version="1.0" encoding="UTF-8"?>
<testng-results skipped="23" failed="3" total="35" passed="9">
  <reporter-output>
  </reporter-output>
  <suite name="UserRegisterSuite" duration-ms="410045" started-at="2018-11-27T07:27:40Z" finished-at="2018-11-27T07:34:30Z">
    <groups>
    </groups>
    <test name="Test Suite" duration-ms="410045" started-at="2018-11-27T07:27:40Z" finished-at="2018-11-27T07:34:30Z">
      <class name="Tests.ContactUsTest">
        <test-method status="PASS" signature="UserCanUseContactUs()[pri:0, instance:Tests.ContactUsTest@2096442d]" name="UserCanUseContactUs" duration-ms="5611" started-at="2018-11-27T09:27:40Z" finished-at="2018-11-27T09:27:46Z">
          <reporter-output>
          </reporter-output>
        </test-method> <!-- UserCanUseContactUs -->
        <test-method status="PASS" signature="ScreenShotOnFailure(org.testng.ITestResult)[pri:0, instance:Tests.ContactUsTest@2096442d]" name="ScreenShotOnFailure" is-config="true" duration-ms="0" started-at="2018-11-27T09:27:46Z" finished-at="2018-11-27T09:27:46Z">
          <params>
            <param index="0">
              <value>
                <![CDATA[[TestResult name=UserCanUseContactUs status=SUCCESS method=ContactUsTest.UserCanUseContactUs()[pri:0, instance:Tests.ContactUsTest@2096442d] output={null}]]]>
              </value>
            </param>
          </params>
          <reporter-output>
          </reporter-output>
        </test-method> <!-- ScreenShotOnFailure -->
      </class> <!-- Tests.ContactUsTest -->
      <class name="Tests.serchForProductUsingAutoCompleteTest">
        <test-method status="PASS" signature="userCanSearchWithAutoSuggest()[pri:0, instance:Tests.serchForProductUsingAutoCompleteTest@2cb4c3ab]" name="userCanSearchWithAutoSuggest" duration-ms="4369" started-at="2018-11-27T09:28:14Z" finished-at="2018-11-27T09:28:18Z">
          <reporter-output>
          </reporter-output>
        </test-method> <!-- userCanSearchWithAutoSuggest -->
        <test-method status="PASS" signature="ScreenShotOnFailure(org.testng.ITestResult)[pri:0, instance:Tests.serchForProductUsingAutoCompleteTest@2cb4c3ab]" name="ScreenShotOnFailure" is-config="true" duration-ms="0" started-at="2018-11-27T09:28:18Z" finished-at="2018-11-27T09:28:18Z">
          <params>
            <param index="0">
              <value>
                <![CDATA[[TestResult name=userCanSearchWithAutoSuggest status=SUCCESS method=serchForProductUsingAutoCompleteTest.userCanSearchWithAutoSuggest()[pri:0, instance:Tests.serchForProductUsingAutoCompleteTest@2cb4c3ab] output={null}]]]>
              </value>
            </param>
          </params>
          <reporter-output>
          </reporter-output>
        </test-method> <!-- ScreenShotOnFailure -->
      </class> <!-- Tests.serchForProductUsingAutoCompleteTest -->
      <class name="Tests.AddProductToShoopingCart">
        <test-method status="PASS" signature="userCanSearchForProdct()[pri:1, instance:Tests.AddProductToShoopingCart@531be3c5]" name="userCanSearchForProdct" duration-ms="4477" started-at="2018-11-27T09:28:18Z" finished-at="2018-11-27T09:28:23Z">
          <reporter-output>
          </reporter-output>
        </test-method> <!-- userCanSearchForProdct -->
        <test-method status="PASS" signature="ScreenShotOnFailure(org.testng.ITestResult)[pri:0, instance:Tests.AddProductToShoopingCart@531be3c5]" name="ScreenShotOnFailure" is-config="true" duration-ms="0" started-at="2018-11-27T09:28:23Z" finished-at="2018-11-27T09:28:23Z">
          <params>
            <param index="0">
              <value>
                <![CDATA[[TestResult name=userCanSearchForProdct status=SUCCESS method=AddProductToShoopingCart.userCanSearchForProdct()[pri:1, instance:Tests.AddProductToShoopingCart@531be3c5] output={null}]]]>
              </value>
            </param>
          </params>
          <reporter-output>
          </reporter-output>
        </test-method> <!-- ScreenShotOnFailure -->
        <test-method status="SKIP" signature="ScreenShotOnFailure(org.testng.ITestResult)[pri:0, instance:Tests.AddProductToShoopingCart@531be3c5]" name="ScreenShotOnFailure" is-config="true" duration-ms="0" started-at="2018-11-27T09:34:30Z" finished-at="2018-11-27T09:34:30Z">
          <reporter-output>
          </reporter-output>
        </test-method> <!-- ScreenShotOnFailure -->
        <test-method status="SKIP" signature="UserCanAddItemToShoppingCart()[pri:2, instance:Tests.AddProductToShoopingCart@531be3c5]" name="UserCanAddItemToShoppingCart" duration-ms="0" started-at="2018-11-27T09:34:30Z" finished-at="2018-11-27T09:34:30Z">
          <reporter-output>
          </reporter-output>
        </test-method> <!-- UserCanAddItemToShoppingCart -->
        <test-method status="SKIP" signature="UserCanRemoveItemFromShoppingCard()[pri:3, instance:Tests.AddProductToShoopingCart@531be3c5]" name="UserCanRemoveItemFromShoppingCard" duration-ms="1" started-at="2018-11-27T09:34:30Z" finished-at="2018-11-27T09:34:30Z">
          <reporter-output>
          </reporter-output>
        </test-method> <!-- UserCanRemoveItemFromShoppingCard -->
        <test-method status="SKIP" signature="ScreenShotOnFailure(org.testng.ITestResult)[pri:0, instance:Tests.AddProductToShoopingCart@531be3c5]" name="ScreenShotOnFailure" is-config="true" duration-ms="0" started-at="2018-11-27T09:34:30Z" finished-at="2018-11-27T09:34:30Z">
          <reporter-output>
          </reporter-output>
        </test-method> <!-- ScreenShotOnFailure -->
      </class> <!-- Tests.AddProductToShoopingCart -->
      <class name="Tests.searchProductTest">
        <test-method status="PASS" signature="userCanSearchForProdct()[pri:0, instance:Tests.searchProductTest@50f8360d]" name="userCanSearchForProdct" duration-ms="5599" started-at="2018-11-27T09:28:09Z" finished-at="2018-11-27T09:28:14Z">
          <reporter-output>
          </reporter-output>
        </test-method> <!-- userCanSearchForProdct -->
        <test-method status="PASS" signature="ScreenShotOnFailure(org.testng.ITestResult)[pri:0, instance:Tests.searchProductTest@50f8360d]" name="ScreenShotOnFailure" is-config="true" duration-ms="0" started-at="2018-11-27T09:28:14Z" finished-at="2018-11-27T09:28:14Z">
          <params>
            <param index="0">
              <value>
                <![CDATA[[TestResult name=userCanSearchForProdct status=SUCCESS method=searchProductTest.userCanSearchForProdct()[pri:0, instance:Tests.searchProductTest@50f8360d] output={null}]]]>
              </value>
            </param>
          </params>
          <reporter-output>
          </reporter-output>
        </test-method> <!-- ScreenShotOnFailure -->
      </class> <!-- Tests.searchProductTest -->
      <class name="Tests.changeCurrencyTest">
        <test-method status="PASS" signature="userCanChangeCurrency()[pri:0, instance:Tests.changeCurrencyTest@2c9f9fb0]" name="userCanChangeCurrency" duration-ms="6721" started-at="2018-11-27T09:27:46Z" finished-at="2018-11-27T09:27:52Z">
          <reporter-output>
          </reporter-output>
        </test-method> <!-- userCanChangeCurrency -->
        <test-method status="PASS" signature="ScreenShotOnFailure(org.testng.ITestResult)[pri:0, instance:Tests.changeCurrencyTest@2c9f9fb0]" name="ScreenShotOnFailure" is-config="true" duration-ms="0" started-at="2018-11-27T09:27:52Z" finished-at="2018-11-27T09:27:52Z">
          <params>
            <param index="0">
              <value>
                <![CDATA[[TestResult name=userCanChangeCurrency status=SUCCESS method=changeCurrencyTest.userCanChangeCurrency()[pri:0, instance:Tests.changeCurrencyTest@2c9f9fb0] output={null}]]]>
              </value>
            </param>
          </params>
          <reporter-output>
          </reporter-output>
        </test-method> <!-- ScreenShotOnFailure -->
        <test-method status="PASS" signature="userCanSearchForProdct()[pri:0, instance:Tests.changeCurrencyTest@2c9f9fb0]" name="userCanSearchForProdct" duration-ms="12329" started-at="2018-11-27T09:27:52Z" finished-at="2018-11-27T09:28:05Z">
          <reporter-output>
          </reporter-output>
        </test-method> <!-- userCanSearchForProdct -->
        <test-method status="PASS" signature="ScreenShotOnFailure(org.testng.ITestResult)[pri:0, instance:Tests.changeCurrencyTest@2c9f9fb0]" name="ScreenShotOnFailure" is-config="true" duration-ms="0" started-at="2018-11-27T09:28:05Z" finished-at="2018-11-27T09:28:05Z">
          <params>
            <param index="0">
              <value>
                <![CDATA[[TestResult name=userCanSearchForProdct status=SUCCESS method=changeCurrencyTest.userCanSearchForProdct()[pri:0, instance:Tests.changeCurrencyTest@2c9f9fb0] output={null}]]]>
              </value>
            </param>
          </params>
          <reporter-output>
          </reporter-output>
        </test-method> <!-- ScreenShotOnFailure -->
      </class> <!-- Tests.changeCurrencyTest -->
      <class name="Tests.UserRegisterTest">
        <test-method status="PASS" signature="StartDriver(java.lang.String)[pri:0, instance:Tests.UserRegisterTest@5a61f5df]" name="StartDriver" is-config="true" duration-ms="15158" started-at="2018-11-27T09:27:25Z" finished-at="2018-11-27T09:27:40Z">
          <params>
            <param index="0">
              <value>
                <![CDATA[chrome]]>
              </value>
            </param>
          </params>
          <reporter-output>
          </reporter-output>
        </test-method> <!-- StartDriver -->
        <test-method status="FAIL" signature="UserCanRegisterSuccessfully()[pri:1, instance:Tests.UserRegisterTest@5a61f5df]" name="UserCanRegisterSuccessfully" duration-ms="125585" started-at="2018-11-27T09:28:23Z" finished-at="2018-11-27T09:30:29Z">
          <exception class="org.openqa.selenium.NoSuchElementException">
            <message>
              <![CDATA[no such element: Unable to locate element: {"method":"css selector","selector":"div.result"}
  (Session info: chrome=70.0.3538.110)
  (Driver info: chromedriver=2.43.600210 (68dcf5eebde37173d4027fa8635e332711d2874a),platform=Windows NT 10.0.17134 x86_64) (WARNING: The server did not provide any stacktrace information)
Command duration or timeout: 0 milliseconds
For documentation on this error, please visit: http://seleniumhq.org/exceptions/no_such_element.html
Build info: version: '3.8.1', revision: '6e95a6684b', time: '2017-12-01T18:33:54.468Z'
System info: host: 'OYEHIA', ip: '222.222.100.238', os.name: 'Windows 10', os.arch: 'amd64', os.version: '10.0', java.version: '1.8.0_77'
Driver info: org.openqa.selenium.chrome.ChromeDriver
Capabilities {acceptInsecureCerts: false, acceptSslCerts: false, applicationCacheEnabled: false, browserConnectionEnabled: false, browserName: chrome, chrome: {chromedriverVersion: 2.43.600210 (68dcf5eebde371..., userDataDir: C:\Users\oyehia\AppData\Loc...}, cssSelectorsEnabled: true, databaseEnabled: false, goog:chromeOptions: {debuggerAddress: localhost:51924}, handlesAlerts: true, hasTouchScreen: false, javascriptEnabled: true, locationContextEnabled: true, mobileEmulationEnabled: false, nativeEvents: true, networkConnectionEnabled: false, pageLoadStrategy: normal, platform: XP, platformName: XP, rotatable: false, setWindowRect: true, takesHeapSnapshot: true, takesScreenshot: true, unexpectedAlertBehaviour: , unhandledPromptBehavior: , version: 70.0.3538.110, webStorageEnabled: true}
Session ID: aa0b22ac3022b8af97894e1a6504d46c
*** Element info: {Using=css selector, value=div.result}]]>
            </message>
            <full-stacktrace>
              <![CDATA[org.openqa.selenium.NoSuchElementException: no such element: Unable to locate element: {"method":"css selector","selector":"div.result"}
  (Session info: chrome=70.0.3538.110)
  (Driver info: chromedriver=2.43.600210 (68dcf5eebde37173d4027fa8635e332711d2874a),platform=Windows NT 10.0.17134 x86_64) (WARNING: The server did not provide any stacktrace information)
Command duration or timeout: 0 milliseconds
For documentation on this error, please visit: http://seleniumhq.org/exceptions/no_such_element.html
Build info: version: '3.8.1', revision: '6e95a6684b', time: '2017-12-01T18:33:54.468Z'
System info: host: 'OYEHIA', ip: '222.222.100.238', os.name: 'Windows 10', os.arch: 'amd64', os.version: '10.0', java.version: '1.8.0_77'
Driver info: org.openqa.selenium.chrome.ChromeDriver
Capabilities {acceptInsecureCerts: false, acceptSslCerts: false, applicationCacheEnabled: false, browserConnectionEnabled: false, browserName: chrome, chrome: {chromedriverVersion: 2.43.600210 (68dcf5eebde371..., userDataDir: C:\Users\oyehia\AppData\Loc...}, cssSelectorsEnabled: true, databaseEnabled: false, goog:chromeOptions: {debuggerAddress: localhost:51924}, handlesAlerts: true, hasTouchScreen: false, javascriptEnabled: true, locationContextEnabled: true, mobileEmulationEnabled: false, nativeEvents: true, networkConnectionEnabled: false, pageLoadStrategy: normal, platform: XP, platformName: XP, rotatable: false, setWindowRect: true, takesHeapSnapshot: true, takesScreenshot: true, unexpectedAlertBehaviour: , unhandledPromptBehavior: , version: 70.0.3538.110, webStorageEnabled: true}
Session ID: aa0b22ac3022b8af97894e1a6504d46c
*** Element info: {Using=css selector, value=div.result}
	at sun.reflect.NativeConstructorAccessorImpl.newInstance0(Native Method)
	at sun.reflect.NativeConstructorAccessorImpl.newInstance(Unknown Source)
	at sun.reflect.DelegatingConstructorAccessorImpl.newInstance(Unknown Source)
	at java.lang.reflect.Constructor.newInstance(Unknown Source)
	at org.openqa.selenium.remote.ErrorHandler.createThrowable(ErrorHandler.java:214)
	at org.openqa.selenium.remote.ErrorHandler.throwIfResponseFailed(ErrorHandler.java:166)
	at org.openqa.selenium.remote.http.JsonHttpResponseCodec.reconstructValue(JsonHttpResponseCodec.java:40)
	at org.openqa.selenium.remote.http.AbstractHttpResponseCodec.decode(AbstractHttpResponseCodec.java:80)
	at org.openqa.selenium.remote.http.AbstractHttpResponseCodec.decode(AbstractHttpResponseCodec.java:44)
	at org.openqa.selenium.remote.HttpCommandExecutor.execute(HttpCommandExecutor.java:164)
	at org.openqa.selenium.remote.service.DriverCommandExecutor.execute(DriverCommandExecutor.java:83)
	at org.openqa.selenium.remote.RemoteWebDriver.execute(RemoteWebDriver.java:601)
	at org.openqa.selenium.remote.RemoteWebDriver.findElement(RemoteWebDriver.java:371)
	at org.openqa.selenium.remote.RemoteWebDriver.findElementByCssSelector(RemoteWebDriver.java:465)
	at org.openqa.selenium.By$ByCssSelector.findElement(By.java:430)
	at org.openqa.selenium.remote.RemoteWebDriver.findElement(RemoteWebDriver.java:363)
	at org.openqa.selenium.support.pagefactory.DefaultElementLocator.findElement(DefaultElementLocator.java:69)
	at org.openqa.selenium.support.pagefactory.internal.LocatingElementHandler.invoke(LocatingElementHandler.java:38)
	at com.sun.proxy.$Proxy10.getText(Unknown Source)
	at Tests.UserRegisterTest.UserCanRegisterSuccessfully(UserRegisterTest.java:24)
	at sun.reflect.NativeMethodAccessorImpl.invoke0(Native Method)
	at sun.reflect.NativeMethodAccessorImpl.invoke(Unknown Source)
	at sun.reflect.DelegatingMethodAccessorImpl.invoke(Unknown Source)
	at java.lang.reflect.Method.invoke(Unknown Source)
	at org.testng.internal.MethodInvocationHelper.invokeMethod(MethodInvocationHelper.java:85)
	at org.testng.internal.Invoker.invokeMethod(Invoker.java:639)
	at org.testng.internal.Invoker.invokeTestMethod(Invoker.java:816)
	at org.testng.internal.Invoker.invokeTestMethods(Invoker.java:1124)
	at org.testng.internal.TestMethodWorker.invokeTestMethods(TestMethodWorker.java:125)
	at org.testng.internal.TestMethodWorker.run(TestMethodWorker.java:108)
	at org.testng.TestRunner.privateRun(TestRunner.java:774)
	at org.testng.TestRunner.run(TestRunner.java:624)
	at org.testng.SuiteRunner.runTest(SuiteRunner.java:359)
	at org.testng.SuiteRunner.runSequentially(SuiteRunner.java:354)
	at org.testng.SuiteRunner.privateRun(SuiteRunner.java:312)
	at org.testng.SuiteRunner.run(SuiteRunner.java:261)
	at org.testng.SuiteRunnerWorker.runSuite(SuiteRunnerWorker.java:52)
	at org.testng.SuiteRunnerWorker.run(SuiteRunnerWorker.java:86)
	at org.testng.TestNG.runSuitesSequentially(TestNG.java:1191)
	at org.testng.TestNG.runSuitesLocally(TestNG.java:1116)
	at org.testng.TestNG.run(TestNG.java:1024)
	at org.apache.maven.surefire.testng.TestNGExecutor.run(TestNGExecutor.java:283)
	at org.apache.maven.surefire.testng.TestNGXmlTestSuite.execute(TestNGXmlTestSuite.java:75)
	at org.apache.maven.surefire.testng.TestNGProvider.invoke(TestNGProvider.java:120)
	at org.apache.maven.surefire.booter.ForkedBooter.invokeProviderInSameClassLoader(ForkedBooter.java:384)
	at org.apache.maven.surefire.booter.ForkedBooter.runSuitesInProcess(ForkedBooter.java:345)
	at org.apache.maven.surefire.booter.ForkedBooter.execute(ForkedBooter.java:126)
	at org.apache.maven.surefire.booter.ForkedBooter.main(ForkedBooter.java:418)
]]>
            </full-stacktrace>
          </exception> <!-- org.openqa.selenium.NoSuchElementException -->
          <reporter-output>
          </reporter-output>
        </test-method> <!-- UserCanRegisterSuccessfully -->
        <test-method status="PASS" signature="ScreenShotOnFailure(org.testng.ITestResult)[pri:0, instance:Tests.UserRegisterTest@5a61f5df]" name="ScreenShotOnFailure" is-config="true" duration-ms="1120" started-at="2018-11-27T09:30:29Z" finished-at="2018-11-27T09:30:30Z">
          <params>
            <param index="0">
              <value>
                <![CDATA[[TestResult name=UserCanRegisterSuccessfully status=FAILURE method=UserRegisterTest.UserCanRegisterSuccessfully()[pri:1, instance:Tests.UserRegisterTest@5a61f5df] output={null}]]]>
              </value>
            </param>
          </params>
          <reporter-output>
          </reporter-output>
        </test-method> <!-- ScreenShotOnFailure -->
        <test-method status="SKIP" signature="RegisterUserCanLogout()[pri:0, instance:Tests.UserRegisterTest@5a61f5df]" name="RegisterUserCanLogout" duration-ms="0" started-at="2018-11-27T09:34:30Z" depends-on-methods="Tests.UserRegisterTest.UserCanRegisterSuccessfully" finished-at="2018-11-27T09:34:30Z">
          <exception class="java.lang.Throwable">
            <message>
              <![CDATA[Method UserRegisterTest.RegisterUserCanLogout()[pri:0, instance:Tests.UserRegisterTest@5a61f5df] depends on not successfully finished methods]]>
            </message>
            <full-stacktrace>
              <![CDATA[java.lang.Throwable: Method UserRegisterTest.RegisterUserCanLogout()[pri:0, instance:Tests.UserRegisterTest@5a61f5df] depends on not successfully finished methods
	at org.testng.internal.Invoker.invokeTestMethods(Invoker.java:1033)
	at org.testng.internal.TestMethodWorker.invokeTestMethods(TestMethodWorker.java:125)
	at org.testng.internal.TestMethodWorker.run(TestMethodWorker.java:108)
	at org.testng.TestRunner.privateRun(TestRunner.java:774)
	at org.testng.TestRunner.run(TestRunner.java:624)
	at org.testng.SuiteRunner.runTest(SuiteRunner.java:359)
	at org.testng.SuiteRunner.runSequentially(SuiteRunner.java:354)
	at org.testng.SuiteRunner.privateRun(SuiteRunner.java:312)
	at org.testng.SuiteRunner.run(SuiteRunner.java:261)
	at org.testng.SuiteRunnerWorker.runSuite(SuiteRunnerWorker.java:52)
	at org.testng.SuiteRunnerWorker.run(SuiteRunnerWorker.java:86)
	at org.testng.TestNG.runSuitesSequentially(TestNG.java:1191)
	at org.testng.TestNG.runSuitesLocally(TestNG.java:1116)
	at org.testng.TestNG.run(TestNG.java:1024)
	at org.apache.maven.surefire.testng.TestNGExecutor.run(TestNGExecutor.java:283)
	at org.apache.maven.surefire.testng.TestNGXmlTestSuite.execute(TestNGXmlTestSuite.java:75)
	at org.apache.maven.surefire.testng.TestNGProvider.invoke(TestNGProvider.java:120)
	at org.apache.maven.surefire.booter.ForkedBooter.invokeProviderInSameClassLoader(ForkedBooter.java:384)
	at org.apache.maven.surefire.booter.ForkedBooter.runSuitesInProcess(ForkedBooter.java:345)
	at org.apache.maven.surefire.booter.ForkedBooter.execute(ForkedBooter.java:126)
	at org.apache.maven.surefire.booter.ForkedBooter.main(ForkedBooter.java:418)
]]>
            </full-stacktrace>
          </exception> <!-- java.lang.Throwable -->
          <reporter-output>
          </reporter-output>
        </test-method> <!-- RegisterUserCanLogout -->
        <test-method status="SKIP" signature="RegisterCanLoIn()[pri:0, instance:Tests.UserRegisterTest@5a61f5df]" name="RegisterCanLoIn" duration-ms="0" started-at="2018-11-27T09:34:30Z" depends-on-methods="Tests.UserRegisterTest.RegisterUserCanLogout" finished-at="2018-11-27T09:34:30Z">
          <exception class="java.lang.Throwable">
            <message>
              <![CDATA[Method UserRegisterTest.RegisterCanLoIn()[pri:0, instance:Tests.UserRegisterTest@5a61f5df] depends on not successfully finished methods]]>
            </message>
            <full-stacktrace>
              <![CDATA[java.lang.Throwable: Method UserRegisterTest.RegisterCanLoIn()[pri:0, instance:Tests.UserRegisterTest@5a61f5df] depends on not successfully finished methods
	at org.testng.internal.Invoker.invokeTestMethods(Invoker.java:1033)
	at org.testng.internal.TestMethodWorker.invokeTestMethods(TestMethodWorker.java:125)
	at org.testng.internal.TestMethodWorker.run(TestMethodWorker.java:108)
	at org.testng.TestRunner.privateRun(TestRunner.java:774)
	at org.testng.TestRunner.run(TestRunner.java:624)
	at org.testng.SuiteRunner.runTest(SuiteRunner.java:359)
	at org.testng.SuiteRunner.runSequentially(SuiteRunner.java:354)
	at org.testng.SuiteRunner.privateRun(SuiteRunner.java:312)
	at org.testng.SuiteRunner.run(SuiteRunner.java:261)
	at org.testng.SuiteRunnerWorker.runSuite(SuiteRunnerWorker.java:52)
	at org.testng.SuiteRunnerWorker.run(SuiteRunnerWorker.java:86)
	at org.testng.TestNG.runSuitesSequentially(TestNG.java:1191)
	at org.testng.TestNG.runSuitesLocally(TestNG.java:1116)
	at org.testng.TestNG.run(TestNG.java:1024)
	at org.apache.maven.surefire.testng.TestNGExecutor.run(TestNGExecutor.java:283)
	at org.apache.maven.surefire.testng.TestNGXmlTestSuite.execute(TestNGXmlTestSuite.java:75)
	at org.apache.maven.surefire.testng.TestNGProvider.invoke(TestNGProvider.java:120)
	at org.apache.maven.surefire.booter.ForkedBooter.invokeProviderInSameClassLoader(ForkedBooter.java:384)
	at org.apache.maven.surefire.booter.ForkedBooter.runSuitesInProcess(ForkedBooter.java:345)
	at org.apache.maven.surefire.booter.ForkedBooter.execute(ForkedBooter.java:126)
	at org.apache.maven.surefire.booter.ForkedBooter.main(ForkedBooter.java:418)
]]>
            </full-stacktrace>
          </exception> <!-- java.lang.Throwable -->
          <reporter-output>
          </reporter-output>
        </test-method> <!-- RegisterCanLoIn -->
        <test-method status="SKIP" signature="closeDriver()[pri:0, instance:Tests.UserRegisterTest@5a61f5df]" name="closeDriver" is-config="true" duration-ms="0" started-at="2018-11-27T09:34:33Z" finished-at="2018-11-27T09:34:33Z">
          <reporter-output>
          </reporter-output>
        </test-method> <!-- closeDriver -->
      </class> <!-- Tests.UserRegisterTest -->
      <class name="Tests.productHoverMenuTest">
        <test-method status="PASS" signature="userCanSlectSubCategoryFromManiMenu()[pri:0, instance:Tests.productHoverMenuTest@737996a0]" name="userCanSlectSubCategoryFromManiMenu" duration-ms="3943" started-at="2018-11-27T09:28:05Z" finished-at="2018-11-27T09:28:09Z">
          <reporter-output>
          </reporter-output>
        </test-method> <!-- userCanSlectSubCategoryFromManiMenu -->
        <test-method status="PASS" signature="ScreenShotOnFailure(org.testng.ITestResult)[pri:0, instance:Tests.productHoverMenuTest@737996a0]" name="ScreenShotOnFailure" is-config="true" duration-ms="0" started-at="2018-11-27T09:28:09Z" finished-at="2018-11-27T09:28:09Z">
          <params>
            <param index="0">
              <value>
                <![CDATA[[TestResult name=userCanSlectSubCategoryFromManiMenu status=SUCCESS method=productHoverMenuTest.userCanSlectSubCategoryFromManiMenu()[pri:0, instance:Tests.productHoverMenuTest@737996a0] output={null}]]]>
              </value>
            </param>
          </params>
          <reporter-output>
          </reporter-output>
        </test-method> <!-- ScreenShotOnFailure -->
      </class> <!-- Tests.productHoverMenuTest -->
      <class name="Tests.addProductReviewTest">
        <test-method status="FAIL" signature="UserCanRegisterSuccessfully()[pri:1, instance:Tests.addProductReviewTest@3551a94]" name="UserCanRegisterSuccessfully" duration-ms="126461" started-at="2018-11-27T09:30:30Z" finished-at="2018-11-27T09:32:36Z">
          <exception class="org.openqa.selenium.NoSuchElementException">
            <message>
              <![CDATA[no such element: Unable to locate element: {"method":"css selector","selector":"div.result"}
  (Session info: chrome=70.0.3538.110)
  (Driver info: chromedriver=2.43.600210 (68dcf5eebde37173d4027fa8635e332711d2874a),platform=Windows NT 10.0.17134 x86_64) (WARNING: The server did not provide any stacktrace information)
Command duration or timeout: 0 milliseconds
For documentation on this error, please visit: http://seleniumhq.org/exceptions/no_such_element.html
Build info: version: '3.8.1', revision: '6e95a6684b', time: '2017-12-01T18:33:54.468Z'
System info: host: 'OYEHIA', ip: '222.222.100.238', os.name: 'Windows 10', os.arch: 'amd64', os.version: '10.0', java.version: '1.8.0_77'
Driver info: org.openqa.selenium.chrome.ChromeDriver
Capabilities {acceptInsecureCerts: false, acceptSslCerts: false, applicationCacheEnabled: false, browserConnectionEnabled: false, browserName: chrome, chrome: {chromedriverVersion: 2.43.600210 (68dcf5eebde371..., userDataDir: C:\Users\oyehia\AppData\Loc...}, cssSelectorsEnabled: true, databaseEnabled: false, goog:chromeOptions: {debuggerAddress: localhost:51924}, handlesAlerts: true, hasTouchScreen: false, javascriptEnabled: true, locationContextEnabled: true, mobileEmulationEnabled: false, nativeEvents: true, networkConnectionEnabled: false, pageLoadStrategy: normal, platform: XP, platformName: XP, rotatable: false, setWindowRect: true, takesHeapSnapshot: true, takesScreenshot: true, unexpectedAlertBehaviour: , unhandledPromptBehavior: , version: 70.0.3538.110, webStorageEnabled: true}
Session ID: aa0b22ac3022b8af97894e1a6504d46c
*** Element info: {Using=css selector, value=div.result}]]>
            </message>
            <full-stacktrace>
              <![CDATA[org.openqa.selenium.NoSuchElementException: no such element: Unable to locate element: {"method":"css selector","selector":"div.result"}
  (Session info: chrome=70.0.3538.110)
  (Driver info: chromedriver=2.43.600210 (68dcf5eebde37173d4027fa8635e332711d2874a),platform=Windows NT 10.0.17134 x86_64) (WARNING: The server did not provide any stacktrace information)
Command duration or timeout: 0 milliseconds
For documentation on this error, please visit: http://seleniumhq.org/exceptions/no_such_element.html
Build info: version: '3.8.1', revision: '6e95a6684b', time: '2017-12-01T18:33:54.468Z'
System info: host: 'OYEHIA', ip: '222.222.100.238', os.name: 'Windows 10', os.arch: 'amd64', os.version: '10.0', java.version: '1.8.0_77'
Driver info: org.openqa.selenium.chrome.ChromeDriver
Capabilities {acceptInsecureCerts: false, acceptSslCerts: false, applicationCacheEnabled: false, browserConnectionEnabled: false, browserName: chrome, chrome: {chromedriverVersion: 2.43.600210 (68dcf5eebde371..., userDataDir: C:\Users\oyehia\AppData\Loc...}, cssSelectorsEnabled: true, databaseEnabled: false, goog:chromeOptions: {debuggerAddress: localhost:51924}, handlesAlerts: true, hasTouchScreen: false, javascriptEnabled: true, locationContextEnabled: true, mobileEmulationEnabled: false, nativeEvents: true, networkConnectionEnabled: false, pageLoadStrategy: normal, platform: XP, platformName: XP, rotatable: false, setWindowRect: true, takesHeapSnapshot: true, takesScreenshot: true, unexpectedAlertBehaviour: , unhandledPromptBehavior: , version: 70.0.3538.110, webStorageEnabled: true}
Session ID: aa0b22ac3022b8af97894e1a6504d46c
*** Element info: {Using=css selector, value=div.result}
	at sun.reflect.NativeConstructorAccessorImpl.newInstance0(Native Method)
	at sun.reflect.NativeConstructorAccessorImpl.newInstance(Unknown Source)
	at sun.reflect.DelegatingConstructorAccessorImpl.newInstance(Unknown Source)
	at java.lang.reflect.Constructor.newInstance(Unknown Source)
	at org.openqa.selenium.remote.ErrorHandler.createThrowable(ErrorHandler.java:214)
	at org.openqa.selenium.remote.ErrorHandler.throwIfResponseFailed(ErrorHandler.java:166)
	at org.openqa.selenium.remote.http.JsonHttpResponseCodec.reconstructValue(JsonHttpResponseCodec.java:40)
	at org.openqa.selenium.remote.http.AbstractHttpResponseCodec.decode(AbstractHttpResponseCodec.java:80)
	at org.openqa.selenium.remote.http.AbstractHttpResponseCodec.decode(AbstractHttpResponseCodec.java:44)
	at org.openqa.selenium.remote.HttpCommandExecutor.execute(HttpCommandExecutor.java:164)
	at org.openqa.selenium.remote.service.DriverCommandExecutor.execute(DriverCommandExecutor.java:83)
	at org.openqa.selenium.remote.RemoteWebDriver.execute(RemoteWebDriver.java:601)
	at org.openqa.selenium.remote.RemoteWebDriver.findElement(RemoteWebDriver.java:371)
	at org.openqa.selenium.remote.RemoteWebDriver.findElementByCssSelector(RemoteWebDriver.java:465)
	at org.openqa.selenium.By$ByCssSelector.findElement(By.java:430)
	at org.openqa.selenium.remote.RemoteWebDriver.findElement(RemoteWebDriver.java:363)
	at org.openqa.selenium.support.pagefactory.DefaultElementLocator.findElement(DefaultElementLocator.java:69)
	at org.openqa.selenium.support.pagefactory.internal.LocatingElementHandler.invoke(LocatingElementHandler.java:38)
	at com.sun.proxy.$Proxy10.getText(Unknown Source)
	at Tests.addProductReviewTest.UserCanRegisterSuccessfully(addProductReviewTest.java:33)
	at sun.reflect.NativeMethodAccessorImpl.invoke0(Native Method)
	at sun.reflect.NativeMethodAccessorImpl.invoke(Unknown Source)
	at sun.reflect.DelegatingMethodAccessorImpl.invoke(Unknown Source)
	at java.lang.reflect.Method.invoke(Unknown Source)
	at org.testng.internal.MethodInvocationHelper.invokeMethod(MethodInvocationHelper.java:85)
	at org.testng.internal.Invoker.invokeMethod(Invoker.java:639)
	at org.testng.internal.Invoker.invokeTestMethod(Invoker.java:816)
	at org.testng.internal.Invoker.invokeTestMethods(Invoker.java:1124)
	at org.testng.internal.TestMethodWorker.invokeTestMethods(TestMethodWorker.java:125)
	at org.testng.internal.TestMethodWorker.run(TestMethodWorker.java:108)
	at org.testng.TestRunner.privateRun(TestRunner.java:774)
	at org.testng.TestRunner.run(TestRunner.java:624)
	at org.testng.SuiteRunner.runTest(SuiteRunner.java:359)
	at org.testng.SuiteRunner.runSequentially(SuiteRunner.java:354)
	at org.testng.SuiteRunner.privateRun(SuiteRunner.java:312)
	at org.testng.SuiteRunner.run(SuiteRunner.java:261)
	at org.testng.SuiteRunnerWorker.runSuite(SuiteRunnerWorker.java:52)
	at org.testng.SuiteRunnerWorker.run(SuiteRunnerWorker.java:86)
	at org.testng.TestNG.runSuitesSequentially(TestNG.java:1191)
	at org.testng.TestNG.runSuitesLocally(TestNG.java:1116)
	at org.testng.TestNG.run(TestNG.java:1024)
	at org.apache.maven.surefire.testng.TestNGExecutor.run(TestNGExecutor.java:283)
	at org.apache.maven.surefire.testng.TestNGXmlTestSuite.execute(TestNGXmlTestSuite.java:75)
	at org.apache.maven.surefire.testng.TestNGProvider.invoke(TestNGProvider.java:120)
	at org.apache.maven.surefire.booter.ForkedBooter.invokeProviderInSameClassLoader(ForkedBooter.java:384)
	at org.apache.maven.surefire.booter.ForkedBooter.runSuitesInProcess(ForkedBooter.java:345)
	at org.apache.maven.surefire.booter.ForkedBooter.execute(ForkedBooter.java:126)
	at org.apache.maven.surefire.booter.ForkedBooter.main(ForkedBooter.java:418)
]]>
            </full-stacktrace>
          </exception> <!-- org.openqa.selenium.NoSuchElementException -->
          <reporter-output>
          </reporter-output>
        </test-method> <!-- UserCanRegisterSuccessfully -->
        <test-method status="PASS" signature="ScreenShotOnFailure(org.testng.ITestResult)[pri:0, instance:Tests.addProductReviewTest@3551a94]" name="ScreenShotOnFailure" is-config="true" duration-ms="332" started-at="2018-11-27T09:32:36Z" finished-at="2018-11-27T09:32:36Z">
          <params>
            <param index="0">
              <value>
                <![CDATA[[TestResult name=UserCanRegisterSuccessfully status=FAILURE method=addProductReviewTest.UserCanRegisterSuccessfully()[pri:1, instance:Tests.addProductReviewTest@3551a94] output={null}]]]>
              </value>
            </param>
          </params>
          <reporter-output>
          </reporter-output>
        </test-method> <!-- ScreenShotOnFailure -->
        <test-method status="SKIP" signature="ScreenShotOnFailure(org.testng.ITestResult)[pri:0, instance:Tests.addProductReviewTest@3551a94]" name="ScreenShotOnFailure" is-config="true" duration-ms="0" started-at="2018-11-27T09:34:30Z" finished-at="2018-11-27T09:34:30Z">
          <reporter-output>
          </reporter-output>
        </test-method> <!-- ScreenShotOnFailure -->
        <test-method status="SKIP" signature="userCanSearchForProdct()[pri:2, instance:Tests.addProductReviewTest@3551a94]" name="userCanSearchForProdct" duration-ms="0" started-at="2018-11-27T09:34:30Z" finished-at="2018-11-27T09:34:30Z">
          <reporter-output>
          </reporter-output>
        </test-method> <!-- userCanSearchForProdct -->
        <test-method status="SKIP" signature="userCanAddReviewSuccessfully()[pri:3, instance:Tests.addProductReviewTest@3551a94]" name="userCanAddReviewSuccessfully" duration-ms="1" started-at="2018-11-27T09:34:30Z" finished-at="2018-11-27T09:34:30Z">
          <reporter-output>
          </reporter-output>
        </test-method> <!-- userCanAddReviewSuccessfully -->
        <test-method status="SKIP" signature="ScreenShotOnFailure(org.testng.ITestResult)[pri:0, instance:Tests.addProductReviewTest@3551a94]" name="ScreenShotOnFailure" is-config="true" duration-ms="0" started-at="2018-11-27T09:34:30Z" finished-at="2018-11-27T09:34:30Z">
          <reporter-output>
          </reporter-output>
        </test-method> <!-- ScreenShotOnFailure -->
        <test-method status="SKIP" signature="RegisterUserCanLogout()[pri:4, instance:Tests.addProductReviewTest@3551a94]" name="RegisterUserCanLogout" duration-ms="0" started-at="2018-11-27T09:34:30Z" finished-at="2018-11-27T09:34:30Z">
          <reporter-output>
          </reporter-output>
        </test-method> <!-- RegisterUserCanLogout -->
        <test-method status="SKIP" signature="ScreenShotOnFailure(org.testng.ITestResult)[pri:0, instance:Tests.addProductReviewTest@3551a94]" name="ScreenShotOnFailure" is-config="true" duration-ms="0" started-at="2018-11-27T09:34:30Z" finished-at="2018-11-27T09:34:30Z">
          <reporter-output>
          </reporter-output>
        </test-method> <!-- ScreenShotOnFailure -->
      </class> <!-- Tests.addProductReviewTest -->
      <class name="Tests.addProductToWishListTest">
        <test-method status="PASS" signature="userCanSearchForProdct()[pri:1, instance:Tests.addProductToWishListTest@52af6cff]" name="userCanSearchForProdct" duration-ms="7640" started-at="2018-11-27T09:32:36Z" finished-at="2018-11-27T09:32:44Z">
          <reporter-output>
          </reporter-output>
        </test-method> <!-- userCanSearchForProdct -->
        <test-method status="PASS" signature="ScreenShotOnFailure(org.testng.ITestResult)[pri:0, instance:Tests.addProductToWishListTest@52af6cff]" name="ScreenShotOnFailure" is-config="true" duration-ms="0" started-at="2018-11-27T09:32:44Z" finished-at="2018-11-27T09:32:44Z">
          <params>
            <param index="0">
              <value>
                <![CDATA[[TestResult name=userCanSearchForProdct status=SUCCESS method=addProductToWishListTest.userCanSearchForProdct()[pri:1, instance:Tests.addProductToWishListTest@52af6cff] output={null}]]]>
              </value>
            </param>
          </params>
          <reporter-output>
          </reporter-output>
        </test-method> <!-- ScreenShotOnFailure -->
        <test-method status="SKIP" signature="ScreenShotOnFailure(org.testng.ITestResult)[pri:0, instance:Tests.addProductToWishListTest@52af6cff]" name="ScreenShotOnFailure" is-config="true" duration-ms="0" started-at="2018-11-27T09:34:30Z" finished-at="2018-11-27T09:34:30Z">
          <reporter-output>
          </reporter-output>
        </test-method> <!-- ScreenShotOnFailure -->
        <test-method status="SKIP" signature="userCanAddProductToWishList()[pri:2, instance:Tests.addProductToWishListTest@52af6cff]" name="userCanAddProductToWishList" duration-ms="0" started-at="2018-11-27T09:34:30Z" finished-at="2018-11-27T09:34:30Z">
          <reporter-output>
          </reporter-output>
        </test-method> <!-- userCanAddProductToWishList -->
        <test-method status="SKIP" signature="userCanRemoveProductFromWishList()[pri:3, instance:Tests.addProductToWishListTest@52af6cff]" name="userCanRemoveProductFromWishList" duration-ms="0" started-at="2018-11-27T09:34:30Z" finished-at="2018-11-27T09:34:30Z">
          <reporter-output>
          </reporter-output>
        </test-method> <!-- userCanRemoveProductFromWishList -->
        <test-method status="SKIP" signature="ScreenShotOnFailure(org.testng.ITestResult)[pri:0, instance:Tests.addProductToWishListTest@52af6cff]" name="ScreenShotOnFailure" is-config="true" duration-ms="0" started-at="2018-11-27T09:34:30Z" finished-at="2018-11-27T09:34:30Z">
          <reporter-output>
          </reporter-output>
        </test-method> <!-- ScreenShotOnFailure -->
      </class> <!-- Tests.addProductToWishListTest -->
      <class name="Tests.addToCompareTest">
        <test-method status="PASS" signature="userCanCompareProduct()[pri:1, instance:Tests.addToCompareTest@735b478]" name="userCanCompareProduct" duration-ms="23168" started-at="2018-11-27T09:32:44Z" finished-at="2018-11-27T09:33:07Z">
          <reporter-output>
          </reporter-output>
        </test-method> <!-- userCanCompareProduct -->
        <test-method status="PASS" signature="ScreenShotOnFailure(org.testng.ITestResult)[pri:0, instance:Tests.addToCompareTest@735b478]" name="ScreenShotOnFailure" is-config="true" duration-ms="0" started-at="2018-11-27T09:33:07Z" finished-at="2018-11-27T09:33:07Z">
          <params>
            <param index="0">
              <value>
                <![CDATA[[TestResult name=userCanCompareProduct status=SUCCESS method=addToCompareTest.userCanCompareProduct()[pri:1, instance:Tests.addToCompareTest@735b478] output={null}]]]>
              </value>
            </param>
          </params>
          <reporter-output>
          </reporter-output>
        </test-method> <!-- ScreenShotOnFailure -->
        <test-method status="SKIP" signature="userCanClearCompareList()[pri:2, instance:Tests.addToCompareTest@735b478]" name="userCanClearCompareList" duration-ms="0" started-at="2018-11-27T09:34:30Z" finished-at="2018-11-27T09:34:30Z">
          <reporter-output>
          </reporter-output>
        </test-method> <!-- userCanClearCompareList -->
        <test-method status="SKIP" signature="ScreenShotOnFailure(org.testng.ITestResult)[pri:0, instance:Tests.addToCompareTest@735b478]" name="ScreenShotOnFailure" is-config="true" duration-ms="0" started-at="2018-11-27T09:34:30Z" finished-at="2018-11-27T09:34:30Z">
          <reporter-output>
          </reporter-output>
        </test-method> <!-- ScreenShotOnFailure -->
      </class> <!-- Tests.addToCompareTest -->
      <class name="Tests.emailFriendTest">
        <test-method status="FAIL" signature="UserCanRegisterSuccessfully()[pri:1, instance:Tests.emailFriendTest@9f70c54]" name="UserCanRegisterSuccessfully" duration-ms="82523" started-at="2018-11-27T09:33:07Z" finished-at="2018-11-27T09:34:30Z">
          <exception class="java.lang.NullPointerException">
            <full-stacktrace>
              <![CDATA[java.lang.NullPointerException
	at sun.reflect.NativeMethodAccessorImpl.invoke0(Native Method)
	at sun.reflect.NativeMethodAccessorImpl.invoke(Unknown Source)
	at sun.reflect.DelegatingMethodAccessorImpl.invoke(Unknown Source)
	at java.lang.reflect.Method.invoke(Unknown Source)
	at org.openqa.selenium.support.pagefactory.internal.LocatingElementHandler.invoke(LocatingElementHandler.java:51)
	at com.sun.proxy.$Proxy10.getText(Unknown Source)
	at Tests.emailFriendTest.UserCanRegisterSuccessfully(emailFriendTest.java:30)
	at sun.reflect.NativeMethodAccessorImpl.invoke0(Native Method)
	at sun.reflect.NativeMethodAccessorImpl.invoke(Unknown Source)
	at sun.reflect.DelegatingMethodAccessorImpl.invoke(Unknown Source)
	at java.lang.reflect.Method.invoke(Unknown Source)
	at org.testng.internal.MethodInvocationHelper.invokeMethod(MethodInvocationHelper.java:85)
	at org.testng.internal.Invoker.invokeMethod(Invoker.java:639)
	at org.testng.internal.Invoker.invokeTestMethod(Invoker.java:816)
	at org.testng.internal.Invoker.invokeTestMethods(Invoker.java:1124)
	at org.testng.internal.TestMethodWorker.invokeTestMethods(TestMethodWorker.java:125)
	at org.testng.internal.TestMethodWorker.run(TestMethodWorker.java:108)
	at org.testng.TestRunner.privateRun(TestRunner.java:774)
	at org.testng.TestRunner.run(TestRunner.java:624)
	at org.testng.SuiteRunner.runTest(SuiteRunner.java:359)
	at org.testng.SuiteRunner.runSequentially(SuiteRunner.java:354)
	at org.testng.SuiteRunner.privateRun(SuiteRunner.java:312)
	at org.testng.SuiteRunner.run(SuiteRunner.java:261)
	at org.testng.SuiteRunnerWorker.runSuite(SuiteRunnerWorker.java:52)
	at org.testng.SuiteRunnerWorker.run(SuiteRunnerWorker.java:86)
	at org.testng.TestNG.runSuitesSequentially(TestNG.java:1191)
	at org.testng.TestNG.runSuitesLocally(TestNG.java:1116)
	at org.testng.TestNG.run(TestNG.java:1024)
	at org.apache.maven.surefire.testng.TestNGExecutor.run(TestNGExecutor.java:283)
	at org.apache.maven.surefire.testng.TestNGXmlTestSuite.execute(TestNGXmlTestSuite.java:75)
	at org.apache.maven.surefire.testng.TestNGProvider.invoke(TestNGProvider.java:120)
	at org.apache.maven.surefire.booter.ForkedBooter.invokeProviderInSameClassLoader(ForkedBooter.java:384)
	at org.apache.maven.surefire.booter.ForkedBooter.runSuitesInProcess(ForkedBooter.java:345)
	at org.apache.maven.surefire.booter.ForkedBooter.execute(ForkedBooter.java:126)
	at org.apache.maven.surefire.booter.ForkedBooter.main(ForkedBooter.java:418)
]]>
            </full-stacktrace>
          </exception> <!-- java.lang.NullPointerException -->
          <reporter-output>
          </reporter-output>
        </test-method> <!-- UserCanRegisterSuccessfully -->
        <test-method status="FAIL" signature="ScreenShotOnFailure(org.testng.ITestResult)[pri:0, instance:Tests.emailFriendTest@9f70c54]" name="ScreenShotOnFailure" is-config="true" duration-ms="0" started-at="2018-11-27T09:34:30Z" finished-at="2018-11-27T09:34:30Z">
          <params>
            <param index="0">
              <value>
                <![CDATA[[TestResult name=UserCanRegisterSuccessfully status=FAILURE method=emailFriendTest.UserCanRegisterSuccessfully()[pri:1, instance:Tests.emailFriendTest@9f70c54] output={null}]]]>
              </value>
            </param>
          </params>
          <exception class="org.openqa.selenium.NoSuchWindowException">
            <message>
              <![CDATA[no such window: target window already closed
from unknown error: web view not found
  (Session info: chrome=70.0.3538.110)
  (Driver info: chromedriver=2.43.600210 (68dcf5eebde37173d4027fa8635e332711d2874a),platform=Windows NT 10.0.17134 x86_64) (WARNING: The server did not provide any stacktrace information)
Command duration or timeout: 0 milliseconds
Build info: version: '3.8.1', revision: '6e95a6684b', time: '2017-12-01T18:33:54.468Z'
System info: host: 'OYEHIA', ip: '222.222.100.238', os.name: 'Windows 10', os.arch: 'amd64', os.version: '10.0', java.version: '1.8.0_77'
Driver info: org.openqa.selenium.chrome.ChromeDriver
Capabilities {acceptInsecureCerts: false, acceptSslCerts: false, applicationCacheEnabled: false, browserConnectionEnabled: false, browserName: chrome, chrome: {chromedriverVersion: 2.43.600210 (68dcf5eebde371..., userDataDir: C:\Users\oyehia\AppData\Loc...}, cssSelectorsEnabled: true, databaseEnabled: false, goog:chromeOptions: {debuggerAddress: localhost:51924}, handlesAlerts: true, hasTouchScreen: false, javascriptEnabled: true, locationContextEnabled: true, mobileEmulationEnabled: false, nativeEvents: true, networkConnectionEnabled: false, pageLoadStrategy: normal, platform: XP, platformName: XP, rotatable: false, setWindowRect: true, takesHeapSnapshot: true, takesScreenshot: true, unexpectedAlertBehaviour: , unhandledPromptBehavior: , version: 70.0.3538.110, webStorageEnabled: true}
Session ID: aa0b22ac3022b8af97894e1a6504d46c]]>
            </message>
            <full-stacktrace>
              <![CDATA[org.openqa.selenium.NoSuchWindowException: no such window: target window already closed
from unknown error: web view not found
  (Session info: chrome=70.0.3538.110)
  (Driver info: chromedriver=2.43.600210 (68dcf5eebde37173d4027fa8635e332711d2874a),platform=Windows NT 10.0.17134 x86_64) (WARNING: The server did not provide any stacktrace information)
Command duration or timeout: 0 milliseconds
Build info: version: '3.8.1', revision: '6e95a6684b', time: '2017-12-01T18:33:54.468Z'
System info: host: 'OYEHIA', ip: '222.222.100.238', os.name: 'Windows 10', os.arch: 'amd64', os.version: '10.0', java.version: '1.8.0_77'
Driver info: org.openqa.selenium.chrome.ChromeDriver
Capabilities {acceptInsecureCerts: false, acceptSslCerts: false, applicationCacheEnabled: false, browserConnectionEnabled: false, browserName: chrome, chrome: {chromedriverVersion: 2.43.600210 (68dcf5eebde371..., userDataDir: C:\Users\oyehia\AppData\Loc...}, cssSelectorsEnabled: true, databaseEnabled: false, goog:chromeOptions: {debuggerAddress: localhost:51924}, handlesAlerts: true, hasTouchScreen: false, javascriptEnabled: true, locationContextEnabled: true, mobileEmulationEnabled: false, nativeEvents: true, networkConnectionEnabled: false, pageLoadStrategy: normal, platform: XP, platformName: XP, rotatable: false, setWindowRect: true, takesHeapSnapshot: true, takesScreenshot: true, unexpectedAlertBehaviour: , unhandledPromptBehavior: , version: 70.0.3538.110, webStorageEnabled: true}
Session ID: aa0b22ac3022b8af97894e1a6504d46c
	at sun.reflect.NativeConstructorAccessorImpl.newInstance0(Native Method)
	at sun.reflect.NativeConstructorAccessorImpl.newInstance(Unknown Source)
	at sun.reflect.DelegatingConstructorAccessorImpl.newInstance(Unknown Source)
	at java.lang.reflect.Constructor.newInstance(Unknown Source)
	at org.openqa.selenium.remote.ErrorHandler.createThrowable(ErrorHandler.java:214)
	at org.openqa.selenium.remote.ErrorHandler.throwIfResponseFailed(ErrorHandler.java:166)
	at org.openqa.selenium.remote.http.JsonHttpResponseCodec.reconstructValue(JsonHttpResponseCodec.java:40)
	at org.openqa.selenium.remote.http.AbstractHttpResponseCodec.decode(AbstractHttpResponseCodec.java:80)
	at org.openqa.selenium.remote.http.AbstractHttpResponseCodec.decode(AbstractHttpResponseCodec.java:44)
	at org.openqa.selenium.remote.HttpCommandExecutor.execute(HttpCommandExecutor.java:164)
	at org.openqa.selenium.remote.service.DriverCommandExecutor.execute(DriverCommandExecutor.java:83)
	at org.openqa.selenium.remote.RemoteWebDriver.execute(RemoteWebDriver.java:601)
	at org.openqa.selenium.remote.RemoteWebDriver.execute(RemoteWebDriver.java:658)
	at org.openqa.selenium.remote.RemoteWebDriver.getScreenshotAs(RemoteWebDriver.java:343)
	at Utiity.helper.captureScreenShot(helper.java:22)
	at Tests.TestBase.ScreenShotOnFailure(TestBase.java:81)
	at sun.reflect.NativeMethodAccessorImpl.invoke0(Native Method)
	at sun.reflect.NativeMethodAccessorImpl.invoke(Unknown Source)
	at sun.reflect.DelegatingMethodAccessorImpl.invoke(Unknown Source)
	at java.lang.reflect.Method.invoke(Unknown Source)
	at org.testng.internal.MethodInvocationHelper.invokeMethod(MethodInvocationHelper.java:85)
	at org.testng.internal.Invoker.invokeConfigurationMethod(Invoker.java:510)
	at org.testng.internal.Invoker.invokeConfigurations(Invoker.java:211)
	at org.testng.internal.Invoker.invokeMethod(Invoker.java:703)
	at org.testng.internal.Invoker.invokeTestMethod(Invoker.java:816)
	at org.testng.internal.Invoker.invokeTestMethods(Invoker.java:1124)
	at org.testng.internal.TestMethodWorker.invokeTestMethods(TestMethodWorker.java:125)
	at org.testng.internal.TestMethodWorker.run(TestMethodWorker.java:108)
	at org.testng.TestRunner.privateRun(TestRunner.java:774)
	at org.testng.TestRunner.run(TestRunner.java:624)
	at org.testng.SuiteRunner.runTest(SuiteRunner.java:359)
	at org.testng.SuiteRunner.runSequentially(SuiteRunner.java:354)
	at org.testng.SuiteRunner.privateRun(SuiteRunner.java:312)
	at org.testng.SuiteRunner.run(SuiteRunner.java:261)
	at org.testng.SuiteRunnerWorker.runSuite(SuiteRunnerWorker.java:52)
	at org.testng.SuiteRunnerWorker.run(SuiteRunnerWorker.java:86)
	at org.testng.TestNG.runSuitesSequentially(TestNG.java:1191)
	at org.testng.TestNG.runSuitesLocally(TestNG.java:1116)
	at org.testng.TestNG.run(TestNG.java:1024)
	at org.apache.maven.surefire.testng.TestNGExecutor.run(TestNGExecutor.java:283)
	at org.apache.maven.surefire.testng.TestNGXmlTestSuite.execute(TestNGXmlTestSuite.java:75)
	at org.apache.maven.surefire.testng.TestNGProvider.invoke(TestNGProvider.java:120)
	at org.apache.maven.surefire.booter.ForkedBooter.invokeProviderInSameClassLoader(ForkedBooter.java:384)
	at org.apache.maven.surefire.booter.ForkedBooter.runSuitesInProcess(ForkedBooter.java:345)
	at org.apache.maven.surefire.booter.ForkedBooter.execute(ForkedBooter.java:126)
	at org.apache.maven.surefire.booter.ForkedBooter.main(ForkedBooter.java:418)
]]>
            </full-stacktrace>
          </exception> <!-- org.openqa.selenium.NoSuchWindowException -->
          <reporter-output>
          </reporter-output>
        </test-method> <!-- ScreenShotOnFailure -->
        <test-method status="SKIP" signature="userCanSearchForProdct()[pri:2, instance:Tests.emailFriendTest@9f70c54]" name="userCanSearchForProdct" duration-ms="0" started-at="2018-11-27T09:34:30Z" finished-at="2018-11-27T09:34:30Z">
          <reporter-output>
          </reporter-output>
        </test-method> <!-- userCanSearchForProdct -->
        <test-method status="SKIP" signature="ScreenShotOnFailure(org.testng.ITestResult)[pri:0, instance:Tests.emailFriendTest@9f70c54]" name="ScreenShotOnFailure" is-config="true" duration-ms="0" started-at="2018-11-27T09:34:30Z" finished-at="2018-11-27T09:34:30Z">
          <reporter-output>
          </reporter-output>
        </test-method> <!-- ScreenShotOnFailure -->
        <test-method status="SKIP" signature="RegisterUserCanSendEmail()[pri:3, instance:Tests.emailFriendTest@9f70c54]" name="RegisterUserCanSendEmail" duration-ms="0" started-at="2018-11-27T09:34:30Z" finished-at="2018-11-27T09:34:30Z">
          <reporter-output>
          </reporter-output>
        </test-method> <!-- RegisterUserCanSendEmail -->
        <test-method status="SKIP" signature="ScreenShotOnFailure(org.testng.ITestResult)[pri:0, instance:Tests.emailFriendTest@9f70c54]" name="ScreenShotOnFailure" is-config="true" duration-ms="0" started-at="2018-11-27T09:34:30Z" finished-at="2018-11-27T09:34:30Z">
          <reporter-output>
          </reporter-output>
        </test-method> <!-- ScreenShotOnFailure -->
        <test-method status="SKIP" signature="RegisterUserCanLogout()[pri:4, instance:Tests.emailFriendTest@9f70c54]" name="RegisterUserCanLogout" duration-ms="0" started-at="2018-11-27T09:34:30Z" finished-at="2018-11-27T09:34:30Z">
          <reporter-output>
          </reporter-output>
        </test-method> <!-- RegisterUserCanLogout -->
        <test-method status="SKIP" signature="ScreenShotOnFailure(org.testng.ITestResult)[pri:0, instance:Tests.emailFriendTest@9f70c54]" name="ScreenShotOnFailure" is-config="true" duration-ms="0" started-at="2018-11-27T09:34:30Z" finished-at="2018-11-27T09:34:30Z">
          <reporter-output>
          </reporter-output>
        </test-method> <!-- ScreenShotOnFailure -->
      </class> <!-- Tests.emailFriendTest -->
      <class name="Tests.myAccountTest">
        <test-method status="SKIP" signature="ScreenShotOnFailure(org.testng.ITestResult)[pri:0, instance:Tests.myAccountTest@234bef66]" name="ScreenShotOnFailure" is-config="true" duration-ms="0" started-at="2018-11-27T09:34:30Z" finished-at="2018-11-27T09:34:30Z">
          <reporter-output>
          </reporter-output>
        </test-method> <!-- ScreenShotOnFailure -->
        <test-method status="SKIP" signature="UserCanRegisterSuccessfully()[pri:1, instance:Tests.myAccountTest@234bef66]" name="UserCanRegisterSuccessfully" duration-ms="0" started-at="2018-11-27T09:34:30Z" finished-at="2018-11-27T09:34:30Z">
          <reporter-output>
          </reporter-output>
        </test-method> <!-- UserCanRegisterSuccessfully -->
        <test-method status="SKIP" signature="RegisterUserCanChnagePassword()[pri:2, instance:Tests.myAccountTest@234bef66]" name="RegisterUserCanChnagePassword" duration-ms="0" started-at="2018-11-27T09:34:30Z" finished-at="2018-11-27T09:34:30Z">
          <reporter-output>
          </reporter-output>
        </test-method> <!-- RegisterUserCanChnagePassword -->
        <test-method status="SKIP" signature="ScreenShotOnFailure(org.testng.ITestResult)[pri:0, instance:Tests.myAccountTest@234bef66]" name="ScreenShotOnFailure" is-config="true" duration-ms="0" started-at="2018-11-27T09:34:30Z" finished-at="2018-11-27T09:34:30Z">
          <reporter-output>
          </reporter-output>
        </test-method> <!-- ScreenShotOnFailure -->
        <test-method status="SKIP" signature="ScreenShotOnFailure(org.testng.ITestResult)[pri:0, instance:Tests.myAccountTest@234bef66]" name="ScreenShotOnFailure" is-config="true" duration-ms="0" started-at="2018-11-27T09:34:30Z" finished-at="2018-11-27T09:34:30Z">
          <reporter-output>
          </reporter-output>
        </test-method> <!-- ScreenShotOnFailure -->
        <test-method status="SKIP" signature="RegisterUserCanLogout()[pri:3, instance:Tests.myAccountTest@234bef66]" name="RegisterUserCanLogout" duration-ms="0" started-at="2018-11-27T09:34:30Z" finished-at="2018-11-27T09:34:30Z">
          <reporter-output>
          </reporter-output>
        </test-method> <!-- RegisterUserCanLogout -->
        <test-method status="SKIP" signature="RegisterCanLoIn()[pri:4, instance:Tests.myAccountTest@234bef66]" name="RegisterCanLoIn" duration-ms="1" started-at="2018-11-27T09:34:30Z" finished-at="2018-11-27T09:34:30Z">
          <reporter-output>
          </reporter-output>
        </test-method> <!-- RegisterCanLoIn -->
        <test-method status="SKIP" signature="UserLogout()[pri:5, instance:Tests.myAccountTest@234bef66]" name="UserLogout" duration-ms="0" started-at="2018-11-27T09:34:30Z" finished-at="2018-11-27T09:34:30Z">
          <reporter-output>
          </reporter-output>
        </test-method> <!-- UserLogout -->
        <test-method status="SKIP" signature="ScreenShotOnFailure(org.testng.ITestResult)[pri:0, instance:Tests.myAccountTest@234bef66]" name="ScreenShotOnFailure" is-config="true" duration-ms="0" started-at="2018-11-27T09:34:30Z" finished-at="2018-11-27T09:34:30Z">
          <reporter-output>
          </reporter-output>
        </test-method> <!-- ScreenShotOnFailure -->
        <test-method status="SKIP" signature="ScreenShotOnFailure(org.testng.ITestResult)[pri:0, instance:Tests.myAccountTest@234bef66]" name="ScreenShotOnFailure" is-config="true" duration-ms="0" started-at="2018-11-27T09:34:30Z" finished-at="2018-11-27T09:34:30Z">
          <reporter-output>
          </reporter-output>
        </test-method> <!-- ScreenShotOnFailure -->
      </class> <!-- Tests.myAccountTest -->
      <class name="Tests.registeredUserCheckoutTest">
        <test-method status="SKIP" signature="UserCanRegisterSuccessfully()[pri:1, instance:Tests.registeredUserCheckoutTest@61dc03ce]" name="UserCanRegisterSuccessfully" duration-ms="0" started-at="2018-11-27T09:34:30Z" finished-at="2018-11-27T09:34:30Z">
          <reporter-output>
          </reporter-output>
        </test-method> <!-- UserCanRegisterSuccessfully -->
        <test-method status="SKIP" signature="ScreenShotOnFailure(org.testng.ITestResult)[pri:0, instance:Tests.registeredUserCheckoutTest@61dc03ce]" name="ScreenShotOnFailure" is-config="true" duration-ms="0" started-at="2018-11-27T09:34:30Z" finished-at="2018-11-27T09:34:30Z">
          <reporter-output>
          </reporter-output>
        </test-method> <!-- ScreenShotOnFailure -->
        <test-method status="SKIP" signature="ScreenShotOnFailure(org.testng.ITestResult)[pri:0, instance:Tests.registeredUserCheckoutTest@61dc03ce]" name="ScreenShotOnFailure" is-config="true" duration-ms="0" started-at="2018-11-27T09:34:30Z" finished-at="2018-11-27T09:34:30Z">
          <reporter-output>
          </reporter-output>
        </test-method> <!-- ScreenShotOnFailure -->
        <test-method status="SKIP" signature="userCanSearchForProdct()[pri:2, instance:Tests.registeredUserCheckoutTest@61dc03ce]" name="userCanSearchForProdct" duration-ms="0" started-at="2018-11-27T09:34:30Z" finished-at="2018-11-27T09:34:30Z">
          <reporter-output>
          </reporter-output>
        </test-method> <!-- userCanSearchForProdct -->
        <test-method status="SKIP" signature="UserCanAddItemToShoppingCart()[pri:3, instance:Tests.registeredUserCheckoutTest@61dc03ce]" name="UserCanAddItemToShoppingCart" duration-ms="0" started-at="2018-11-27T09:34:30Z" finished-at="2018-11-27T09:34:30Z">
          <reporter-output>
          </reporter-output>
        </test-method> <!-- UserCanAddItemToShoppingCart -->
        <test-method status="SKIP" signature="ScreenShotOnFailure(org.testng.ITestResult)[pri:0, instance:Tests.registeredUserCheckoutTest@61dc03ce]" name="ScreenShotOnFailure" is-config="true" duration-ms="0" started-at="2018-11-27T09:34:30Z" finished-at="2018-11-27T09:34:30Z">
          <reporter-output>
          </reporter-output>
        </test-method> <!-- ScreenShotOnFailure -->
        <test-method status="SKIP" signature="ScreenShotOnFailure(org.testng.ITestResult)[pri:0, instance:Tests.registeredUserCheckoutTest@61dc03ce]" name="ScreenShotOnFailure" is-config="true" duration-ms="0" started-at="2018-11-27T09:34:30Z" finished-at="2018-11-27T09:34:30Z">
          <reporter-output>
          </reporter-output>
        </test-method> <!-- ScreenShotOnFailure -->
        <test-method status="SKIP" signature="userCanCheckProductCard()[pri:4, instance:Tests.registeredUserCheckoutTest@61dc03ce]" name="userCanCheckProductCard" duration-ms="0" started-at="2018-11-27T09:34:30Z" finished-at="2018-11-27T09:34:30Z">
          <reporter-output>
          </reporter-output>
        </test-method> <!-- userCanCheckProductCard -->
        <test-method status="SKIP" signature="RegisterUserCanLogout()[pri:5, instance:Tests.registeredUserCheckoutTest@61dc03ce]" name="RegisterUserCanLogout" duration-ms="0" started-at="2018-11-27T09:34:30Z" finished-at="2018-11-27T09:34:30Z">
          <reporter-output>
          </reporter-output>
        </test-method> <!-- RegisterUserCanLogout -->
        <test-method status="SKIP" signature="ScreenShotOnFailure(org.testng.ITestResult)[pri:0, instance:Tests.registeredUserCheckoutTest@61dc03ce]" name="ScreenShotOnFailure" is-config="true" duration-ms="0" started-at="2018-11-27T09:34:30Z" finished-at="2018-11-27T09:34:30Z">
          <reporter-output>
          </reporter-output>
        </test-method> <!-- ScreenShotOnFailure -->
      </class> <!-- Tests.registeredUserCheckoutTest -->
    </test> <!-- Test Suite -->
  </suite> <!-- UserRegisterSuite -->
</testng-results>
